Copyright 1986-2019 Xilinx, Inc. All Rights Reserved.
------------------------------------------------------------------------------------
| Tool Version : Vivado v.2019.1 (win64) Build 2552052 Fri May 24 14:49:42 MDT 2019
| Date         : Mon Sep 27 16:54:30 2021
| Host         : WEI-LAB-WINDOWS running 64-bit major release  (build 9200)
| Command      : upgrade_ip
| Device       : xc7z020clg400-1
------------------------------------------------------------------------------------

Upgrade Log for IP 'design_1_conv_0_1'

1. Summary
----------

SUCCESS in the upgrade of design_1_conv_0_1 (xilinx.com:user:conv:1.0) from (Rev. 3) to (Rev. 2)






Copyright 1986-2019 Xilinx, Inc. All Rights Reserved.
------------------------------------------------------------------------------------
| Tool Version : Vivado v.2019.1 (win64) Build 2552052 Fri May 24 14:49:42 MDT 2019
| Date         : Mon Sep 27 16:04:05 2021
| Host         : WEI-LAB-WINDOWS running 64-bit major release  (build 9200)
| Command      : upgrade_ip
| Device       : xc7z020clg400-1
------------------------------------------------------------------------------------

Upgrade Log for IP 'design_1_conv_0_1'

1. Summary
----------

SUCCESS in the upgrade of design_1_conv_0_1 (xilinx.com:user:conv:1.0) from (Rev. 2) to (Rev. 3)






Copyright 1986-2019 Xilinx, Inc. All Rights Reserved.
------------------------------------------------------------------------------------
| Tool Version : Vivado v.2019.1 (win64) Build 2552052 Fri May 24 14:49:42 MDT 2019
| Date         : Mon Sep 27 15:51:05 2021
| Host         : WEI-LAB-WINDOWS running 64-bit major release  (build 9200)
| Command      : upgrade_ip
| Device       : xc7z020clg400-1
------------------------------------------------------------------------------------

Upgrade Log for IP 'design_1_conv_0_1'

1. Summary
----------

SUCCESS in the conversion of design_1_conv_0_1 (xilinx.com:user:conv:1.0 (Rev. 2)) to Vivado generation flows.






Copyright 1986-2019 Xilinx, Inc. All Rights Reserved.
------------------------------------------------------------------------------------
| Tool Version : Vivado v.2019.1 (win64) Build 2552052 Fri May 24 14:49:42 MDT 2019
| Date         : Mon Sep 27 15:47:12 2021
| Host         : WEI-LAB-WINDOWS running 64-bit major release  (build 9200)
| Command      : upgrade_ip
| Device       : xc7z020clg400-1
------------------------------------------------------------------------------------

Upgrade Log for IP 'design_1_conv_0_1'

1. Summary
----------

SUCCESS in the conversion of design_1_conv_0_1 (xilinx.com:user:conv:1.0 (Rev. 2)) to Vivado generation flows.






Copyright 1986-2019 Xilinx, Inc. All Rights Reserved.
------------------------------------------------------------------------------------
| Tool Version : Vivado v.2019.1 (win64) Build 2552052 Fri May 24 14:49:42 MDT 2019
| Date         : Mon Sep 27 13:57:51 2021
| Host         : WEI-LAB-WINDOWS running 64-bit major release  (build 9200)
| Command      : upgrade_ip
| Device       : xc7z020clg400-1
------------------------------------------------------------------------------------

Upgrade Log for IP 'design_1_conv_0_1'

1. Summary
----------

CAUTION (success, with warnings) in the conversion of design_1_conv_0_1 (xilinx.com:user:conv:1.0 (Rev. 2)) to Vivado generation flows.

After upgrade, an IP may have parameter differences compared to the original customization. Please review the parameters within the IP customization GUI to ensure proper functionality.

2. Customization warnings
-------------------------

Parameter 'INIT' is no longer present on the upgraded IP 'design_1_conv_0_1', and cannot be set to '"0000"'

Parameter 'INPUT_REQ' is no longer present on the upgraded IP 'design_1_conv_0_1', and cannot be set to '"0001"'

Parameter 'INPUT_IN' is no longer present on the upgraded IP 'design_1_conv_0_1', and cannot be set to '"0010"'

Parameter 'EXECUTE' is no longer present on the upgraded IP 'design_1_conv_0_1', and cannot be set to '"0011"'

Parameter 'WEIGHT_REQ' is no longer present on the upgraded IP 'design_1_conv_0_1', and cannot be set to '"0110"'

Parameter 'WEIGHT_IN' is no longer present on the upgraded IP 'design_1_conv_0_1', and cannot be set to '"0111"'

Parameter 'BIAS_REQ' is no longer present on the upgraded IP 'design_1_conv_0_1', and cannot be set to '"1000"'

Parameter 'BIAS_IN' is no longer present on the upgraded IP 'design_1_conv_0_1', and cannot be set to '"1001"'

Parameter 'OUTPUT_REQ' is no longer present on the upgraded IP 'design_1_conv_0_1', and cannot be set to '"1010"'

Parameter 'OUTPUT_OUT' is no longer present on the upgraded IP 'design_1_conv_0_1', and cannot be set to '"1011"'


3. Debug Commands
-----------------

  The following debug information can be passed to Vivado as Tcl commands,
in order to validate or debug the output of the upgrade flow.
  You may consult any warnings from within this upgrade, and alter or remove
the configuration parameter(s) which caused the warning; then execute the Tcl
commands, and use the IP Customization GUI to verify the IP configuration.

create_ip -vlnv xilinx.com:user:conv:1.0 -user_name design_1_conv_0_1
set_property -dict "\
  CONFIG.Component_Name {design_1_conv_0_1} \
  CONFIG.clk.ASSOCIATED_BUSIF {} \
  CONFIG.clk.ASSOCIATED_RESET {rst} \
  CONFIG.clk.CLK_DOMAIN {design_1_processing_system7_0_0_FCLK_CLK0} \
  CONFIG.clk.FREQ_HZ {100000000} \
  CONFIG.clk.INSERT_VIP {0} \
  CONFIG.clk.PHASE {0.000} \
  CONFIG.rst.INSERT_VIP {0} \
  CONFIG.rst.POLARITY {ACTIVE_LOW} " [get_ips design_1_conv_0_1]







Copyright 1986-2019 Xilinx, Inc. All Rights Reserved.
------------------------------------------------------------------------------------
| Tool Version : Vivado v.2019.1 (win64) Build 2552052 Fri May 24 14:49:42 MDT 2019
| Date         : Sat Sep 25 18:38:36 2021
| Host         : WEI-LAB-WINDOWS running 64-bit major release  (build 9200)
| Command      : upgrade_ip
| Device       : xc7z020clg400-1
------------------------------------------------------------------------------------

Upgrade Log for IP 'design_1_conv_0_1'

1. Summary
----------

SUCCESS in the conversion of design_1_conv_0_1 (xilinx.com:user:conv:1.0 (Rev. 2)) to Vivado generation flows.






Copyright 1986-2019 Xilinx, Inc. All Rights Reserved.
------------------------------------------------------------------------------------
| Tool Version : Vivado v.2019.1 (win64) Build 2552052 Fri May 24 14:49:42 MDT 2019
| Date         : Sat Sep 25 16:26:02 2021
| Host         : WEI-LAB-WINDOWS running 64-bit major release  (build 9200)
| Command      : upgrade_ip
| Device       : xc7z020clg400-1
------------------------------------------------------------------------------------

Upgrade Log for IP 'design_1_conv_0_1'

1. Summary
----------

SUCCESS in the conversion of design_1_conv_0_1 (xilinx.com:user:conv:1.0 (Rev. 2)) to Vivado generation flows.






Copyright 1986-2019 Xilinx, Inc. All Rights Reserved.
------------------------------------------------------------------------------------
| Tool Version : Vivado v.2019.1 (win64) Build 2552052 Fri May 24 14:49:42 MDT 2019
| Date         : Sat Sep 25 15:00:36 2021
| Host         : WEI-LAB-WINDOWS running 64-bit major release  (build 9200)
| Command      : upgrade_ip
| Device       : xc7z020clg400-1
------------------------------------------------------------------------------------

Upgrade Log for IP 'design_1_conv_0_1'

1. Summary
----------

SUCCESS in the conversion of design_1_conv_0_1 (xilinx.com:user:conv:1.0 (Rev. 2)) to Vivado generation flows.






Copyright 1986-2019 Xilinx, Inc. All Rights Reserved.
------------------------------------------------------------------------------------
| Tool Version : Vivado v.2019.1 (win64) Build 2552052 Fri May 24 14:49:42 MDT 2019
| Date         : Fri Sep 24 16:33:47 2021
| Host         : WEI-LAB-WINDOWS running 64-bit major release  (build 9200)
| Command      : upgrade_ip
| Device       : xc7z020clg400-1
------------------------------------------------------------------------------------

Upgrade Log for IP 'design_1_conv_0_1'

1. Summary
----------

SUCCESS in the conversion of design_1_conv_0_1 (xilinx.com:user:conv:1.0 (Rev. 2)) to Vivado generation flows.






Copyright 1986-2019 Xilinx, Inc. All Rights Reserved.
------------------------------------------------------------------------------------
| Tool Version : Vivado v.2019.1 (win64) Build 2552052 Fri May 24 14:49:42 MDT 2019
| Date         : Fri Sep 24 16:26:06 2021
| Host         : WEI-LAB-WINDOWS running 64-bit major release  (build 9200)
| Command      : upgrade_ip
| Device       : xc7z020clg400-1
------------------------------------------------------------------------------------

Upgrade Log for IP 'design_1_conv_0_1'

1. Summary
----------

CAUTION (success, with warnings) in the conversion of design_1_conv_0_1 (xilinx.com:user:conv:1.0 (Rev. 2)) to Vivado generation flows.

After upgrade, an IP may have parameter and port differences compared to the original customization. Please review the parameters within the IP customization GUI to ensure proper functionality. Also, please review the updated IP instantiation template to ensure proper connectivity, and update your design if required.

2. Connection Warnings
----------------------

Detected external port differences while upgrading 'design_1_conv_0_1'. These changes may impact your design.


-Upgraded port order differs after port 'clk'


3. Customization warnings
-------------------------

Parameter 'INIT' is no longer present on the upgraded IP 'design_1_conv_0_1', and cannot be set to '"0000"'

Parameter 'INPUT_REQ' is no longer present on the upgraded IP 'design_1_conv_0_1', and cannot be set to '"0001"'

Parameter 'INPUT_IN' is no longer present on the upgraded IP 'design_1_conv_0_1', and cannot be set to '"0010"'

Parameter 'EXECUTE' is no longer present on the upgraded IP 'design_1_conv_0_1', and cannot be set to '"0011"'

Parameter 'WEIGHT_REQ' is no longer present on the upgraded IP 'design_1_conv_0_1', and cannot be set to '"0110"'

Parameter 'WEIGHT_IN' is no longer present on the upgraded IP 'design_1_conv_0_1', and cannot be set to '"0111"'

Parameter 'BIAS_REQ' is no longer present on the upgraded IP 'design_1_conv_0_1', and cannot be set to '"1000"'

Parameter 'BIAS_IN' is no longer present on the upgraded IP 'design_1_conv_0_1', and cannot be set to '"1001"'

Parameter 'OUTPUT_REQ' is no longer present on the upgraded IP 'design_1_conv_0_1', and cannot be set to '"1010"'

Parameter 'OUTPUT_OUT' is no longer present on the upgraded IP 'design_1_conv_0_1', and cannot be set to '"1011"'


4. Debug Commands
-----------------

  The following debug information can be passed to Vivado as Tcl commands,
in order to validate or debug the output of the upgrade flow.
  You may consult any warnings from within this upgrade, and alter or remove
the configuration parameter(s) which caused the warning; then execute the Tcl
commands, and use the IP Customization GUI to verify the IP configuration.

create_ip -vlnv xilinx.com:user:conv:1.0 -user_name design_1_conv_0_1
set_property -dict "\
  CONFIG.Component_Name {design_1_conv_0_1} \
  CONFIG.clk.ASSOCIATED_BUSIF {} \
  CONFIG.clk.ASSOCIATED_RESET {rst} \
  CONFIG.clk.CLK_DOMAIN {design_1_processing_system7_0_0_FCLK_CLK0} \
  CONFIG.clk.FREQ_HZ {100000000} \
  CONFIG.clk.INSERT_VIP {0} \
  CONFIG.clk.PHASE {0.000} \
  CONFIG.rst.INSERT_VIP {0} \
  CONFIG.rst.POLARITY {ACTIVE_LOW} " [get_ips design_1_conv_0_1]







Copyright 1986-2019 Xilinx, Inc. All Rights Reserved.
------------------------------------------------------------------------------------
| Tool Version : Vivado v.2019.1 (win64) Build 2552052 Fri May 24 14:49:42 MDT 2019
| Date         : Fri Sep 24 16:25:14 2021
| Host         : WEI-LAB-WINDOWS running 64-bit major release  (build 9200)
| Command      : upgrade_ip
| Device       : xc7z020clg400-1
------------------------------------------------------------------------------------

Upgrade Log for IP 'design_1_conv_0_1'

1. Summary
----------

CAUTION (success, with warnings) in the conversion of design_1_conv_0_1 (xilinx.com:user:conv:1.0 (Rev. 2)) to Vivado generation flows.

After upgrade, an IP may have parameter and port differences compared to the original customization. Please review the parameters within the IP customization GUI to ensure proper functionality. Also, please review the updated IP instantiation template to ensure proper connectivity, and update your design if required.

2. Connection Warnings
----------------------

Detected external port differences while upgrading 'design_1_conv_0_1'. These changes may impact your design.


-Upgraded port order differs after port 'rst'







Copyright 1986-2019 Xilinx, Inc. All Rights Reserved.
------------------------------------------------------------------------------------
| Tool Version : Vivado v.2019.1 (win64) Build 2552052 Fri May 24 14:49:42 MDT 2019
| Date         : Fri Sep 24 16:22:21 2021
| Host         : WEI-LAB-WINDOWS running 64-bit major release  (build 9200)
| Command      : upgrade_ip
| Device       : xc7z020clg400-1
------------------------------------------------------------------------------------

Upgrade Log for IP 'design_1_conv_0_1'

1. Summary
----------

CAUTION (success, with warnings) in the conversion of design_1_conv_0_1 (xilinx.com:user:conv:1.0 (Rev. 2)) to Vivado generation flows.

After upgrade, an IP may have parameter and port differences compared to the original customization. Please review the parameters within the IP customization GUI to ensure proper functionality. Also, please review the updated IP instantiation template to ensure proper connectivity, and update your design if required.

2. Connection Warnings
----------------------

Detected external port differences while upgrading 'design_1_conv_0_1'. These changes may impact your design.


-Upgraded port order differs after port 'clk'


3. Customization warnings
-------------------------

Parameter 'INIT' is no longer present on the upgraded IP 'design_1_conv_0_1', and cannot be set to '"0000"'

Parameter 'INPUT_REQ' is no longer present on the upgraded IP 'design_1_conv_0_1', and cannot be set to '"0001"'

Parameter 'INPUT_IN' is no longer present on the upgraded IP 'design_1_conv_0_1', and cannot be set to '"0010"'

Parameter 'EXECUTE' is no longer present on the upgraded IP 'design_1_conv_0_1', and cannot be set to '"0011"'

Parameter 'WEIGHT_REQ' is no longer present on the upgraded IP 'design_1_conv_0_1', and cannot be set to '"0110"'

Parameter 'WEIGHT_IN' is no longer present on the upgraded IP 'design_1_conv_0_1', and cannot be set to '"0111"'

Parameter 'BIAS_REQ' is no longer present on the upgraded IP 'design_1_conv_0_1', and cannot be set to '"1000"'

Parameter 'BIAS_IN' is no longer present on the upgraded IP 'design_1_conv_0_1', and cannot be set to '"1001"'

Parameter 'OUTPUT_REQ' is no longer present on the upgraded IP 'design_1_conv_0_1', and cannot be set to '"1010"'

Parameter 'OUTPUT_OUT' is no longer present on the upgraded IP 'design_1_conv_0_1', and cannot be set to '"1011"'


4. Debug Commands
-----------------

  The following debug information can be passed to Vivado as Tcl commands,
in order to validate or debug the output of the upgrade flow.
  You may consult any warnings from within this upgrade, and alter or remove
the configuration parameter(s) which caused the warning; then execute the Tcl
commands, and use the IP Customization GUI to verify the IP configuration.

create_ip -vlnv xilinx.com:user:conv:1.0 -user_name design_1_conv_0_1
set_property -dict "\
  CONFIG.Component_Name {design_1_conv_0_1} \
  CONFIG.clk.ASSOCIATED_BUSIF {} \
  CONFIG.clk.ASSOCIATED_RESET {rst} \
  CONFIG.clk.CLK_DOMAIN {design_1_processing_system7_0_0_FCLK_CLK0} \
  CONFIG.clk.FREQ_HZ {100000000} \
  CONFIG.clk.INSERT_VIP {0} \
  CONFIG.clk.PHASE {0.000} \
  CONFIG.rst.INSERT_VIP {0} \
  CONFIG.rst.POLARITY {ACTIVE_LOW} " [get_ips design_1_conv_0_1]







Copyright 1986-2019 Xilinx, Inc. All Rights Reserved.
------------------------------------------------------------------------------------
| Tool Version : Vivado v.2019.1 (win64) Build 2552052 Fri May 24 14:49:42 MDT 2019
| Date         : Fri Sep 24 16:05:34 2021
| Host         : WEI-LAB-WINDOWS running 64-bit major release  (build 9200)
| Command      : upgrade_ip
| Device       : xc7z020clg400-1
------------------------------------------------------------------------------------

Upgrade Log for IP 'design_1_conv_0_1'

1. Summary
----------

CAUTION (success, with warnings) in the upgrade of design_1_conv_0_1 (xilinx.com:user:conv:1.0) from (Rev. 3) to (Rev. 2)

After upgrade, an IP may have parameter and port differences compared to the original customization. Please review the parameters within the IP customization GUI to ensure proper functionality. Also, please review the updated IP instantiation template to ensure proper connectivity, and update your design if required.

2. Connection Warnings
----------------------

Detected external port differences while upgrading 'design_1_conv_0_1'. These changes may impact your design.


-Upgraded port order differs after port 'rst'







Copyright 1986-2019 Xilinx, Inc. All Rights Reserved.
------------------------------------------------------------------------------------
| Tool Version : Vivado v.2019.1 (win64) Build 2552052 Fri May 24 14:49:42 MDT 2019
| Date         : Wed Sep 22 22:39:42 2021
| Host         : WEI-LAB-WINDOWS running 64-bit major release  (build 9200)
| Command      : upgrade_ip
| Device       : xc7z020clg400-1
------------------------------------------------------------------------------------

Upgrade Log for IP 'design_1_conv_0_1'

1. Summary
----------

SUCCESS in the upgrade of design_1_conv_0_1 (xilinx.com:user:conv:1.0) from (Rev. 2) to (Rev. 3)






Copyright 1986-2019 Xilinx, Inc. All Rights Reserved.
------------------------------------------------------------------------------------
| Tool Version : Vivado v.2019.1 (win64) Build 2552052 Fri May 24 14:49:42 MDT 2019
| Date         : Mon Sep 20 17:58:04 2021
| Host         : WEI-LAB-WINDOWS running 64-bit major release  (build 9200)
| Command      : upgrade_ip
| Device       : xc7z020clg400-1
------------------------------------------------------------------------------------

Upgrade Log for IP 'design_1_conv_0_1'

1. Summary
----------

SUCCESS in the conversion of design_1_conv_0_1 (xilinx.com:user:conv:1.0 (Rev. 2)) to Vivado generation flows.






Copyright 1986-2019 Xilinx, Inc. All Rights Reserved.
------------------------------------------------------------------------------------
| Tool Version : Vivado v.2019.1 (win64) Build 2552052 Fri May 24 14:49:42 MDT 2019
| Date         : Mon Sep 20 17:31:07 2021
| Host         : WEI-LAB-WINDOWS running 64-bit major release  (build 9200)
| Command      : upgrade_ip
| Device       : xc7z020clg400-1
------------------------------------------------------------------------------------

Upgrade Log for IP 'design_1_conv_0_1'

1. Summary
----------

SUCCESS in the conversion of design_1_conv_0_1 (xilinx.com:user:conv:1.0 (Rev. 2)) to Vivado generation flows.






Copyright 1986-2019 Xilinx, Inc. All Rights Reserved.
------------------------------------------------------------------------------------
| Tool Version : Vivado v.2019.1 (win64) Build 2552052 Fri May 24 14:49:42 MDT 2019
| Date         : Mon Sep 20 17:00:29 2021
| Host         : WEI-LAB-WINDOWS running 64-bit major release  (build 9200)
| Command      : upgrade_ip
| Device       : xc7z020clg400-1
------------------------------------------------------------------------------------

Upgrade Log for IP 'design_1_conv_0_1'

1. Summary
----------

SUCCESS in the conversion of design_1_conv_0_1 (xilinx.com:user:conv:1.0 (Rev. 2)) to Vivado generation flows.






Copyright 1986-2019 Xilinx, Inc. All Rights Reserved.
------------------------------------------------------------------------------------
| Tool Version : Vivado v.2019.1 (win64) Build 2552052 Fri May 24 14:49:42 MDT 2019
| Date         : Mon Sep 20 16:39:27 2021
| Host         : WEI-LAB-WINDOWS running 64-bit major release  (build 9200)
| Command      : upgrade_ip
| Device       : xc7z020clg400-1
------------------------------------------------------------------------------------

Upgrade Log for IP 'design_1_conv_0_1'

1. Summary
----------

SUCCESS in the conversion of design_1_conv_0_1 (xilinx.com:user:conv:1.0 (Rev. 2)) to Vivado generation flows.






Copyright 1986-2019 Xilinx, Inc. All Rights Reserved.
------------------------------------------------------------------------------------
| Tool Version : Vivado v.2019.1 (win64) Build 2552052 Fri May 24 14:49:42 MDT 2019
| Date         : Mon Sep 20 16:17:09 2021
| Host         : WEI-LAB-WINDOWS running 64-bit major release  (build 9200)
| Command      : upgrade_ip
| Device       : xc7z020clg400-1
------------------------------------------------------------------------------------

Upgrade Log for IP 'design_1_conv_0_1'

1. Summary
----------

SUCCESS in the conversion of design_1_conv_0_1 (xilinx.com:user:conv:1.0 (Rev. 2)) to Vivado generation flows.






Copyright 1986-2019 Xilinx, Inc. All Rights Reserved.
------------------------------------------------------------------------------------
| Tool Version : Vivado v.2019.1 (win64) Build 2552052 Fri May 24 14:49:42 MDT 2019
| Date         : Fri Jul 16 01:27:40 2021
| Host         : WEI-LAB-WINDOWS running 64-bit major release  (build 9200)
| Command      : upgrade_ip
| Device       : xc7z020clg400-1
------------------------------------------------------------------------------------

Upgrade Log for IP 'design_1_conv_0_1'

1. Summary
----------

SUCCESS in the conversion of design_1_conv_0_1 (xilinx.com:user:conv:1.0 (Rev. 2)) to Vivado generation flows.






Copyright 1986-2019 Xilinx, Inc. All Rights Reserved.
------------------------------------------------------------------------------------
| Tool Version : Vivado v.2019.1 (win64) Build 2552052 Fri May 24 14:49:42 MDT 2019
| Date         : Fri Jul 16 01:06:59 2021
| Host         : WEI-LAB-WINDOWS running 64-bit major release  (build 9200)
| Command      : upgrade_ip
| Device       : xc7z020clg400-1
------------------------------------------------------------------------------------

Upgrade Log for IP 'design_1_conv_0_1'

1. Summary
----------

SUCCESS in the conversion of design_1_conv_0_1 (xilinx.com:user:conv:1.0 (Rev. 2)) to Vivado generation flows.






Copyright 1986-2019 Xilinx, Inc. All Rights Reserved.
------------------------------------------------------------------------------------
| Tool Version : Vivado v.2019.1 (win64) Build 2552052 Fri May 24 14:49:42 MDT 2019
| Date         : Fri Jul 16 00:49:33 2021
| Host         : WEI-LAB-WINDOWS running 64-bit major release  (build 9200)
| Command      : upgrade_ip
| Device       : xc7z020clg400-1
------------------------------------------------------------------------------------

Upgrade Log for IP 'design_1_conv_0_1'

1. Summary
----------

SUCCESS in the conversion of design_1_conv_0_1 (xilinx.com:user:conv:1.0 (Rev. 2)) to Vivado generation flows.

