#-----------------------------------------------------------
# Vivado v2019.1 (64-bit)
# SW Build 2552052 on Fri May 24 14:49:42 MDT 2019
# IP Build 2548770 on Fri May 24 18:01:18 MDT 2019
# Start of session at: Fri Jul 16 16:41:14 2021
# Process ID: 14008
# Current directory: C:/Users/micha/Documents/Vivado_ws/DLIC_2020_hw5
# Command line: vivado.exe -gui_launcher_event rodinguilauncherevent10136 C:\Users\micha\Documents\Vivado_ws\DLIC_2020_hw5\DLIC_2020_hw5.xpr
# Log file: C:/Users/micha/Documents/Vivado_ws/DLIC_2020_hw5/vivado.log
# Journal file: C:/Users/micha/Documents/Vivado_ws/DLIC_2020_hw5\vivado.jou
#-----------------------------------------------------------
start_gui
open_project C:/Users/micha/Documents/Vivado_ws/DLIC_2020_hw5/DLIC_2020_hw5.xpr
Scanning sources...
Finished scanning sources
INFO: [IP_Flow 19-234] Refreshing IP repositories
INFO: [IP_Flow 19-1700] Loaded user IP repository 'c:/Users/micha/Documents/Vivado_ws/DLIC_2020_hw5_conv/DLIC_2020_hw5_conv.srcs'.
INFO: [IP_Flow 19-2313] Loaded Vivado IP repository 'C:/Xilinx/Vivado/2019.1/data/ip'.
WARNING: [IP_Flow 19-1663] Duplicate IP found for 'xilinx.com:user:conv:1.0'. The one found in IP location 'c:/Users/micha/Documents/Vivado_ws/DLIC_2020_hw5_conv/DLIC_2020_hw5_conv.srcs' will take precedence over the same IP in location c:/Users/micha/Documents/Vivado_ws/DLIC_2020_hw5_conv/DLIC_2020_hw5_conv.srcs/sources_1/imports/conv_3x3.srcs
open_project: Time (s): cpu = 00:00:17 ; elapsed = 00:00:11 . Memory (MB): peak = 845.367 ; gain = 188.895
update_compile_order -fileset sources_1
reset_simulation -simset sim_1 -mode behavioral
INFO: [Vivado 12-2266] Removing simulation data...
INFO: [Vivado 12-2267] Reset complete
exit
INFO: [Common 17-206] Exiting Vivado at Fri Jul 16 16:41:57 2021...
