#-----------------------------------------------------------
# Vivado v2019.1 (64-bit)
# SW Build 2552052 on Fri May 24 14:49:42 MDT 2019
# IP Build 2548770 on Fri May 24 18:01:18 MDT 2019
# Start of session at: Fri Jul 16 18:00:22 2021
# Process ID: 3284
# Current directory: C:/Users/micha/Documents/Vivado_ws/DLIC_2020_hw5
# Command line: vivado.exe -gui_launcher_event rodinguilauncherevent12788 C:\Users\micha\Documents\Vivado_ws\DLIC_2020_hw5\DLIC_2020_hw5.xpr
# Log file: C:/Users/micha/Documents/Vivado_ws/DLIC_2020_hw5/vivado.log
# Journal file: C:/Users/micha/Documents/Vivado_ws/DLIC_2020_hw5\vivado.jou
#-----------------------------------------------------------
start_gui
open_project C:/Users/micha/Documents/Vivado_ws/DLIC_2020_hw5/DLIC_2020_hw5.xpr
Scanning sources...
Finished scanning sources
INFO: [IP_Flow 19-234] Refreshing IP repositories
INFO: [IP_Flow 19-1700] Loaded user IP repository 'c:/Users/micha/Documents/Vivado_ws/DLIC_2020_hw5_conv/DLIC_2020_hw5_conv.srcs'.
INFO: [IP_Flow 19-2313] Loaded Vivado IP repository 'C:/Xilinx/Vivado/2019.1/data/ip'.
WARNING: [IP_Flow 19-1663] Duplicate IP found for 'xilinx.com:user:conv:1.0'. The one found in IP location 'c:/Users/micha/Documents/Vivado_ws/DLIC_2020_hw5_conv/DLIC_2020_hw5_conv.srcs' will take precedence over the same IP in location c:/Users/micha/Documents/Vivado_ws/DLIC_2020_hw5_conv/DLIC_2020_hw5_conv.srcs/sources_1/imports/conv_3x3.srcs
open_project: Time (s): cpu = 00:00:11 ; elapsed = 00:00:07 . Memory (MB): peak = 874.562 ; gain = 179.738
open_bd_design {C:/Users/micha/Documents/Vivado_ws/DLIC_2020_hw5/DLIC_2020_hw5.srcs/sources_1/bd/design_1/design_1.bd}
Adding component instance block -- xilinx.com:ip:processing_system7:5.5 - processing_system7_0
Adding component instance block -- xilinx.com:ip:axi_interconnect:2.1 - axi_interconnect_0
Adding component instance block -- xilinx.com:ip:axi_crossbar:2.1 - xbar
Adding component instance block -- xilinx.com:ip:axi_protocol_converter:2.1 - auto_pc
Adding component instance block -- xilinx.com:ip:axi_interconnect:2.1 - axi_interconnect_1
Adding component instance block -- xilinx.com:ip:axi_crossbar:2.1 - xbar
Adding component instance block -- xilinx.com:ip:axi_dwidth_converter:2.1 - auto_us
Adding component instance block -- xilinx.com:ip:axi_protocol_converter:2.1 - auto_pc
Adding component instance block -- xilinx.com:ip:axi_dwidth_converter:2.1 - auto_ds
Adding component instance block -- xilinx.com:ip:axi_dwidth_converter:2.1 - auto_ds
Adding component instance block -- xilinx.com:ip:axi_cdma:4.1 - axi_cdma_0
Adding component instance block -- xilinx.com:ip:axi_bram_ctrl:4.1 - axi_bram_ctrl_0
Adding component instance block -- xilinx.com:ip:blk_mem_gen:8.4 - blk_mem_gen_0
Adding component instance block -- xilinx.com:ip:axi_gpio:2.0 - axi_gpio_0
Adding component instance block -- xilinx.com:ip:blk_mem_gen:8.4 - blk_mem_gen_1
Adding component instance block -- xilinx.com:ip:proc_sys_reset:5.0 - rst_ps7_0_100M
Adding component instance block -- xilinx.com:ip:axi_bram_ctrl:4.1 - axi_bram_ctrl_1
Adding component instance block -- xilinx.com:ip:axi_gpio:2.0 - axi_gpio_1
Adding component instance block -- xilinx.com:user:conv:1.0 - conv_0
Successfully read diagram <design_1> from BD file <C:/Users/micha/Documents/Vivado_ws/DLIC_2020_hw5/DLIC_2020_hw5.srcs/sources_1/bd/design_1/design_1.bd>
open_bd_design: Time (s): cpu = 00:00:09 ; elapsed = 00:00:07 . Memory (MB): peak = 1014.344 ; gain = 134.371
update_compile_order -fileset sources_1
exit
INFO: [Common 17-206] Exiting Vivado at Fri Jul 16 20:02:31 2021...
