#-----------------------------------------------------------
# Vivado v2019.1 (64-bit)
# SW Build 2552052 on Fri May 24 14:49:42 MDT 2019
# IP Build 2548770 on Fri May 24 18:01:18 MDT 2019
# Start of session at: Fri Jul 16 16:39:50 2021
# Process ID: 12596
# Current directory: C:/Users/micha/Documents/Vivado_ws/DLIC_2020_hw3_1
# Command line: vivado.exe -gui_launcher_event rodinguilauncherevent6064 C:\Users\micha\Documents\Vivado_ws\DLIC_2020_hw3_1\DLIC_2020_hw3_1.xpr
# Log file: C:/Users/micha/Documents/Vivado_ws/DLIC_2020_hw3_1/vivado.log
# Journal file: C:/Users/micha/Documents/Vivado_ws/DLIC_2020_hw3_1\vivado.jou
#-----------------------------------------------------------
start_gui
open_project C:/Users/micha/Documents/Vivado_ws/DLIC_2020_hw3_1/DLIC_2020_hw3_1.xpr
Scanning sources...
Finished scanning sources
INFO: [IP_Flow 19-234] Refreshing IP repositories
INFO: [IP_Flow 19-1704] No user IP repositories specified
INFO: [IP_Flow 19-2313] Loaded Vivado IP repository 'C:/Xilinx/Vivado/2019.1/data/ip'.
open_project: Time (s): cpu = 00:00:20 ; elapsed = 00:00:12 . Memory (MB): peak = 870.102 ; gain = 189.617
update_compile_order -fileset sources_1
reset_simulation -simset sim_1 -mode behavioral
reset_run synth_1
exit
INFO: [Common 17-206] Exiting Vivado at Fri Jul 16 16:40:28 2021...
