#-----------------------------------------------------------
# Vivado v2019.1 (64-bit)
# SW Build 2552052 on Fri May 24 14:49:42 MDT 2019
# IP Build 2548770 on Fri May 24 18:01:18 MDT 2019
# Start of session at: Thu Jul 15 07:10:35 2021
# Process ID: 9260
# Current directory: C:/Users/micha/Documents/Vivado_ws/DLIC_2020_hw4_Mul16
# Command line: vivado.exe -gui_launcher_event rodinguilauncherevent9780 C:\Users\micha\Documents\Vivado_ws\DLIC_2020_hw4_Mul16\DLIC_2020_hw4_Mul16.xpr
# Log file: C:/Users/micha/Documents/Vivado_ws/DLIC_2020_hw4_Mul16/vivado.log
# Journal file: C:/Users/micha/Documents/Vivado_ws/DLIC_2020_hw4_Mul16\vivado.jou
#-----------------------------------------------------------
start_gui
open_project C:/Users/micha/Documents/Vivado_ws/DLIC_2020_hw4_Mul16/DLIC_2020_hw4_Mul16.xpr
INFO: [Project 1-313] Project file moved from 'C:/Users/micha/DLIC_2020_hw4_Mul16' since last save.
Scanning sources...
Finished scanning sources
INFO: [filemgmt 56-1] Board Part Repository Path: Directory not found as 'C:/Users/micha/Documents/Vivado_ws/AppData/Roaming/Xilinx/Vivado/2019.1/xhub/board_store'; using path 'C:/Users/micha/AppData/Roaming/Xilinx/Vivado/2019.1/xhub/board_store' instead.
INFO: [IP_Flow 19-234] Refreshing IP repositories
INFO: [IP_Flow 19-1700] Loaded user IP repository 'c:/Users/micha/Documents/Vivado_ws/DLIC_2020_hw4_Mul16/DLIC_2020_hw4_Mul16.srcs/sources_1/new'.
INFO: [IP_Flow 19-2313] Loaded Vivado IP repository 'C:/Xilinx/Vivado/2019.1/data/ip'.
open_project: Time (s): cpu = 00:00:09 ; elapsed = 00:00:07 . Memory (MB): peak = 827.855 ; gain = 192.633
update_compile_order -fileset sources_1
exit
INFO: [Common 17-206] Exiting Vivado at Thu Jul 15 07:12:19 2021...
