#-----------------------------------------------------------
# Vivado v2019.1 (64-bit)
# SW Build 2552052 on Fri May 24 14:49:42 MDT 2019
# IP Build 2548770 on Fri May 24 18:01:18 MDT 2019
# Start of session at: Fri Jul 16 16:40:02 2021
# Process ID: 5440
# Current directory: C:/Users/micha/Documents/Vivado_ws/DLIC_2020_hw4
# Command line: vivado.exe -gui_launcher_event rodinguilauncherevent11380 C:\Users\micha\Documents\Vivado_ws\DLIC_2020_hw4\DLIC_2020_hw4.xpr
# Log file: C:/Users/micha/Documents/Vivado_ws/DLIC_2020_hw4/vivado.log
# Journal file: C:/Users/micha/Documents/Vivado_ws/DLIC_2020_hw4\vivado.jou
#-----------------------------------------------------------
start_gui
open_project C:/Users/micha/Documents/Vivado_ws/DLIC_2020_hw4/DLIC_2020_hw4.xpr
Scanning sources...
Finished scanning sources
INFO: [IP_Flow 19-234] Refreshing IP repositories
INFO: [IP_Flow 19-1700] Loaded user IP repository 'c:/Users/micha/Documents/Vivado_ws/DLIC_2020_hw4_Mul16/DLIC_2020_hw4_Mul16.srcs/sources_1/new'.
INFO: [IP_Flow 19-2313] Loaded Vivado IP repository 'C:/Xilinx/Vivado/2019.1/data/ip'.
open_project: Time (s): cpu = 00:00:18 ; elapsed = 00:00:12 . Memory (MB): peak = 896.113 ; gain = 258.566
reset_simulation -simset sim_1 -mode behavioral
update_compile_order -fileset sources_1
reset_run synth_1
exit
INFO: [Common 17-206] Exiting Vivado at Fri Jul 16 16:40:41 2021...
