 
****************************************
Report : area
Design : CS
Version: Q-2019.12
Date   : Wed Oct 27 14:01:48 2021
****************************************

Library(s) Used:

    fsa0m_a_generic_core_ss1p62v125c (File: /usr/cad/CBDK/CBDK018_UMC_Faraday_v1.0/CIC/SynopsysDC/db/fsa0m_a_generic_core_ss1p62v125c.db)

Number of ports:                          141
Number of nets:                          1186
Number of cells:                          954
Number of combinational cells:            878
Number of sequential cells:                72
Number of macros/black boxes:               0
Number of buf/inv:                        150
Number of references:                      49

Combinational area:              18111.340882
Buf/Inv area:                     1209.297589
Noncombinational area:            4280.976036
Macro/Black Box area:                0.000000
Net Interconnect area:      undefined  (Wire load has zero net area)

Total cell area:                 22392.316918
Total area:                 undefined
1
