#-----------------------------------------------------------
# Vivado v2019.1 (64-bit)
# SW Build 2552052 on Fri May 24 14:49:42 MDT 2019
# IP Build 2548770 on Fri May 24 18:01:18 MDT 2019
# Start of session at: Thu Jul 15 07:00:53 2021
# Process ID: 9304
# Current directory: C:/Users/micha/Documents/Vivado_ws/DLIC_2020_hw3_2
# Command line: vivado.exe -gui_launcher_event rodinguilauncherevent7720 C:\Users\micha\Documents\Vivado_ws\DLIC_2020_hw3_2\DLIC_2020_hw3_2.xpr
# Log file: C:/Users/micha/Documents/Vivado_ws/DLIC_2020_hw3_2/vivado.log
# Journal file: C:/Users/micha/Documents/Vivado_ws/DLIC_2020_hw3_2\vivado.jou
#-----------------------------------------------------------
start_gui
open_project C:/Users/micha/Documents/Vivado_ws/DLIC_2020_hw3_2/DLIC_2020_hw3_2.xpr
INFO: [Project 1-313] Project file moved from 'C:/Users/micha/DLIC_2020_hw3_2' since last save.
Scanning sources...
Finished scanning sources
INFO: [filemgmt 56-1] Board Part Repository Path: Directory not found as 'C:/Users/micha/Documents/Vivado_ws/AppData/Roaming/Xilinx/Vivado/2019.1/xhub/board_store'; using path 'C:/Users/micha/AppData/Roaming/Xilinx/Vivado/2019.1/xhub/board_store' instead.
INFO: [IP_Flow 19-234] Refreshing IP repositories
INFO: [IP_Flow 19-1700] Loaded user IP repository 'c:/Users/micha/Documents/Vivado_ws/DLIC_2020_hw3_2_adder/DLIC_2020_hw3_2_adder.srcs/sources_1/new'.
INFO: [IP_Flow 19-2313] Loaded Vivado IP repository 'C:/Xilinx/Vivado/2019.1/data/ip'.
WARNING: [BD 41-1661] One or more IPs have been locked in the design 'design_1.bd'. Please run report_ip_status for more details and recommendations update_ip_catalog -rebuild -scan_changes
INFO: [IP_Flow 19-234] Refreshing IP repositories
INFO: [IP_Flow 19-1700] Loaded user IP repository 'c:/Users/micha/Documents/Vivado_ws/DLIC_2020_hw3_2_adder/DLIC_2020_hw3_2_adder.srcs/sources_1/new'.
report_ip_status -name ip_status
open_bd_design {C:/Users/micha/Documents/Vivado_ws/DLIC_2020_hw3_2/DLIC_2020_hw3_2.srcs/sources_1/bd/design_1/design_1.bd}
Adding component instance block -- xilinx.com:user:adder_2b:1.0 - adder_2b_0
Adding component instance block -- xilinx.com:ip:processing_system7:5.5 - processing_system7_0
Adding component instance block -- xilinx.com:ip:axi_gpio:2.0 - axi_gpio_0
Adding component instance block -- xilinx.com:ip:proc_sys_reset:5.0 - rst_ps7_0_50M
Adding component instance block -- xilinx.com:ip:axi_interconnect:2.1 - ps7_0_axi_periph
Adding component instance block -- xilinx.com:ip:axi_protocol_converter:2.1 - auto_pc
Successfully read diagram <design_1> from BD file <C:/Users/micha/Documents/Vivado_ws/DLIC_2020_hw3_2/DLIC_2020_hw3_2.srcs/sources_1/bd/design_1/design_1.bd>
open_bd_design: Time (s): cpu = 00:00:06 ; elapsed = 00:00:09 . Memory (MB): peak = 998.035 ; gain = 53.207
upgrade_ip -vlnv xilinx.com:user:adder_2b:1.0 [get_ips  design_1_adder_2b_0_0] -log ip_upgrade.log
Upgrading 'C:/Users/micha/Documents/Vivado_ws/DLIC_2020_hw3_2/DLIC_2020_hw3_2.srcs/sources_1/bd/design_1/design_1.bd'
INFO: [IP_Flow 19-3422] Upgraded design_1_adder_2b_0_0 (adder_2b_v1_0 1.0) from revision 2 to revision 1
Wrote  : <C:\Users\micha\Documents\Vivado_ws\DLIC_2020_hw3_2\DLIC_2020_hw3_2.srcs\sources_1\bd\design_1\design_1.bd> 
Wrote  : <C:/Users/micha/Documents/Vivado_ws/DLIC_2020_hw3_2/DLIC_2020_hw3_2.srcs/sources_1/bd/design_1/ui/bd_1f5defd0.ui> 
INFO: [Coretcl 2-1525] Wrote upgrade log to 'C:/Users/micha/Documents/Vivado_ws/DLIC_2020_hw3_2/ip_upgrade.log'.
export_ip_user_files -of_objects [get_ips design_1_adder_2b_0_0] -no_script -sync -force -quiet
delete_ip_run [get_files -of_objects [get_fileset sources_1] C:/Users/micha/Documents/Vivado_ws/DLIC_2020_hw3_2/DLIC_2020_hw3_2.srcs/sources_1/bd/design_1/design_1.bd]
set_property synth_checkpoint_mode None [get_files  C:/Users/micha/Documents/Vivado_ws/DLIC_2020_hw3_2/DLIC_2020_hw3_2.srcs/sources_1/bd/design_1/design_1.bd]
generate_target all [get_files  C:/Users/micha/Documents/Vivado_ws/DLIC_2020_hw3_2/DLIC_2020_hw3_2.srcs/sources_1/bd/design_1/design_1.bd]
WARNING: [BD 41-702] Propagation TCL tries to overwrite USER strength parameter PCW_M_AXI_GP0_FREQMHZ(10) on '/processing_system7_0' with propagated value(100). Command ignored
WARNING: [BD 41-927] Following properties on pin /adder_2b_0/clk have been updated from connected ip. They may not be synchronized with cell properties. You can set property on pin directly to confirm the value and resolve the warning.
	CLK_DOMAIN=design_1_processing_system7_0_0_FCLK_CLK0 
Wrote  : <C:\Users\micha\Documents\Vivado_ws\DLIC_2020_hw3_2\DLIC_2020_hw3_2.srcs\sources_1\bd\design_1\design_1.bd> 
VHDL Output written to : C:/Users/micha/Documents/Vivado_ws/DLIC_2020_hw3_2/DLIC_2020_hw3_2.srcs/sources_1/bd/design_1/synth/design_1.v
VHDL Output written to : C:/Users/micha/Documents/Vivado_ws/DLIC_2020_hw3_2/DLIC_2020_hw3_2.srcs/sources_1/bd/design_1/sim/design_1.v
VHDL Output written to : C:/Users/micha/Documents/Vivado_ws/DLIC_2020_hw3_2/DLIC_2020_hw3_2.srcs/sources_1/bd/design_1/hdl/design_1_wrapper.v
INFO: [BD 41-1029] Generation completed for the IP Integrator block adder_2b_0 .
INFO: [BD 41-1029] Generation completed for the IP Integrator block processing_system7_0 .
WARNING: [Board 49-26] cannot add Board Part digilentinc.com:arty-a7-100:part0:1.0 available at C:/Users/micha/AppData/Roaming/Xilinx/Vivado/2019.1/xhub/board_store/XilinxBoardStore/Vivado/2019.1/boards/Digilent/arty-a7-100/E.0/1.0/board.xml as part xc7a100tcsg324-1 specified in board_part file is either invalid or not available
WARNING: [Board 49-26] cannot add Board Part digilentinc.com:arty-a7-35:part0:1.0 available at C:/Users/micha/AppData/Roaming/Xilinx/Vivado/2019.1/xhub/board_store/XilinxBoardStore/Vivado/2019.1/boards/Digilent/arty-a7-35/E.0/1.0/board.xml as part xc7a35ticsg324-1l specified in board_part file is either invalid or not available
WARNING: [Board 49-26] cannot add Board Part digilentinc.com:arty-s7-25:part0:1.0 available at C:/Users/micha/AppData/Roaming/Xilinx/Vivado/2019.1/xhub/board_store/XilinxBoardStore/Vivado/2019.1/boards/Digilent/arty-s7-25/E.0/1.0/board.xml as part xc7s25csga324-1 specified in board_part file is either invalid or not available
WARNING: [Board 49-26] cannot add Board Part digilentinc.com:arty-s7-50:part0:1.0 available at C:/Users/micha/AppData/Roaming/Xilinx/Vivado/2019.1/xhub/board_store/XilinxBoardStore/Vivado/2019.1/boards/Digilent/arty-s7-50/B.0/1.0/board.xml as part xc7s50csga324-1 specified in board_part file is either invalid or not available
WARNING: [Board 49-26] cannot add Board Part digilentinc.com:arty:part0:1.1 available at C:/Users/micha/AppData/Roaming/Xilinx/Vivado/2019.1/xhub/board_store/XilinxBoardStore/Vivado/2019.1/boards/Digilent/arty/C.0/1.1/board.xml as part xc7a35ticsg324-1l specified in board_part file is either invalid or not available
WARNING: [Board 49-26] cannot add Board Part digilentinc.com:basys3:part0:1.1 available at C:/Users/micha/AppData/Roaming/Xilinx/Vivado/2019.1/xhub/board_store/XilinxBoardStore/Vivado/2019.1/boards/Digilent/basys3/C.0/1.1/board.xml as part xc7a35tcpg236-1 specified in board_part file is either invalid or not available
WARNING: [Board 49-26] cannot add Board Part digilentinc.com:cmod-s7-25:part0:1.0 available at C:/Users/micha/AppData/Roaming/Xilinx/Vivado/2019.1/xhub/board_store/XilinxBoardStore/Vivado/2019.1/boards/Digilent/cmod-s7-25/B.0/1.0/board.xml as part xc7s25csga225-1 specified in board_part file is either invalid or not available
WARNING: [Board 49-26] cannot add Board Part digilentinc.com:cmod_a7-15t:part0:1.1 available at C:/Users/micha/AppData/Roaming/Xilinx/Vivado/2019.1/xhub/board_store/XilinxBoardStore/Vivado/2019.1/boards/Digilent/cmod_a7-15t/B.0/1.1/board.xml as part xc7a15tcpg236-1 specified in board_part file is either invalid or not available
WARNING: [Board 49-26] cannot add Board Part digilentinc.com:cmod_a7-35t:part0:1.1 available at C:/Users/micha/AppData/Roaming/Xilinx/Vivado/2019.1/xhub/board_store/XilinxBoardStore/Vivado/2019.1/boards/Digilent/cmod_a7-35t/B.0/1.1/board.xml as part xc7a35tcpg236-1 specified in board_part file is either invalid or not available
WARNING: [Board 49-26] cannot add Board Part digilentinc.com:genesys2:part0:1.1 available at C:/Users/micha/AppData/Roaming/Xilinx/Vivado/2019.1/xhub/board_store/XilinxBoardStore/Vivado/2019.1/boards/Digilent/genesys2/H/1.1/board.xml as part xc7k325tffg900-2 specified in board_part file is either invalid or not available
WARNING: [Board 49-26] cannot add Board Part digilentinc.com:nexys4:part0:1.1 available at C:/Users/micha/AppData/Roaming/Xilinx/Vivado/2019.1/xhub/board_store/XilinxBoardStore/Vivado/2019.1/boards/Digilent/nexys4/B.1/1.1/board.xml as part xc7a100tcsg324-1 specified in board_part file is either invalid or not available
WARNING: [Board 49-26] cannot add Board Part digilentinc.com:nexys4_ddr:part0:1.1 available at C:/Users/micha/AppData/Roaming/Xilinx/Vivado/2019.1/xhub/board_store/XilinxBoardStore/Vivado/2019.1/boards/Digilent/nexys4_ddr/C.1/1.1/board.xml as part xc7a100tcsg324-1 specified in board_part file is either invalid or not available
WARNING: [Board 49-26] cannot add Board Part digilentinc.com:nexys_video:part0:1.1 available at C:/Users/micha/AppData/Roaming/Xilinx/Vivado/2019.1/xhub/board_store/XilinxBoardStore/Vivado/2019.1/boards/Digilent/nexys_video/A.0/1.1/board.xml as part xc7a200tsbg484-1 specified in board_part file is either invalid or not available
WARNING: [Board 49-26] cannot add Board Part digilentinc.com:sword:part0:1.0 available at C:/Users/micha/AppData/Roaming/Xilinx/Vivado/2019.1/xhub/board_store/XilinxBoardStore/Vivado/2019.1/boards/Digilent/sword/C.0/1.0/board.xml as part xc7k325tffg900-2 specified in board_part file is either invalid or not available
WARNING: [Board 49-26] cannot add Board Part trenz.biz:te0712_100_1i:part0:1.0 available at C:/Users/micha/AppData/Roaming/Xilinx/Vivado/2019.1/xhub/board_store/XilinxBoardStore/Vivado/2019.1/boards/Trenz_Electronic/TE0712_100_1I/1.0/1.0/board.xml as part xc7a100tfgg484-1 specified in board_part file is either invalid or not available
WARNING: [Board 49-26] cannot add Board Part trenz.biz:te0712_100_2c:part0:1.0 available at C:/Users/micha/AppData/Roaming/Xilinx/Vivado/2019.1/xhub/board_store/XilinxBoardStore/Vivado/2019.1/boards/Trenz_Electronic/TE0712_100_2C/1.0/1.0/board.xml as part xc7a100tfgg484-2 specified in board_part file is either invalid or not available
WARNING: [Board 49-26] cannot add Board Part trenz.biz:te0712_100_2c:part0:2.0 available at C:/Users/micha/AppData/Roaming/Xilinx/Vivado/2019.1/xhub/board_store/XilinxBoardStore/Vivado/2019.1/boards/Trenz_Electronic/TE0712_100_2C/2.0/2.0/board.xml as part xc7a100tfgg484-2 specified in board_part file is either invalid or not available
WARNING: [Board 49-26] cannot add Board Part trenz.biz:te0712_200_1i:part0:1.0 available at C:/Users/micha/AppData/Roaming/Xilinx/Vivado/2019.1/xhub/board_store/XilinxBoardStore/Vivado/2019.1/boards/Trenz_Electronic/TE0712_200_1I/1.0/1.0/board.xml as part xc7a200tfbg484-1 specified in board_part file is either invalid or not available
WARNING: [Board 49-26] cannot add Board Part trenz.biz:te0712_200_2c:part0:1.0 available at C:/Users/micha/AppData/Roaming/Xilinx/Vivado/2019.1/xhub/board_store/XilinxBoardStore/Vivado/2019.1/boards/Trenz_Electronic/TE0712_200_2C/1.0/1.0/board.xml as part xc7a200tfbg484-2 specified in board_part file is either invalid or not available
WARNING: [Board 49-26] cannot add Board Part trenz.biz:te0712_200_2i:part0:1.0 available at C:/Users/micha/AppData/Roaming/Xilinx/Vivado/2019.1/xhub/board_store/XilinxBoardStore/Vivado/2019.1/boards/Trenz_Electronic/TE0712_200_2I/1.0/1.0/board.xml as part xc7a200tfbg484-2 specified in board_part file is either invalid or not available
WARNING: [Board 49-26] cannot add Board Part trenz.biz:te0712_35_2i:part0:1.0 available at C:/Users/micha/AppData/Roaming/Xilinx/Vivado/2019.1/xhub/board_store/XilinxBoardStore/Vivado/2019.1/boards/Trenz_Electronic/TE0712_35_2I/1.0/1.0/board.xml as part xc7a35tfgg484-2 specified in board_part file is either invalid or not available
WARNING: [Board 49-26] cannot add Board Part trenz.biz:te0725_100_2c:part0:1.0 available at C:/Users/micha/AppData/Roaming/Xilinx/Vivado/2019.1/xhub/board_store/XilinxBoardStore/Vivado/2019.1/boards/Trenz_Electronic/TE0725_100_2C/1.0/1.0/board.xml as part xc7a100tcsg324-2 specified in board_part file is either invalid or not available
WARNING: [Board 49-26] cannot add Board Part trenz.biz:te0725_100_2i:part0:1.0 available at C:/Users/micha/AppData/Roaming/Xilinx/Vivado/2019.1/xhub/board_store/XilinxBoardStore/Vivado/2019.1/boards/Trenz_Electronic/TE0725_100_2I/1.0/1.0/board.xml as part xc7a100tcsg324-2 specified in board_part file is either invalid or not available
WARNING: [Board 49-26] cannot add Board Part trenz.biz:te0725_15_1c:part0:1.0 available at C:/Users/micha/AppData/Roaming/Xilinx/Vivado/2019.1/xhub/board_store/XilinxBoardStore/Vivado/2019.1/boards/Trenz_Electronic/TE0725_15_1C/1.0/1.0/board.xml as part xc7a15tcsg324-1 specified in board_part file is either invalid or not available
WARNING: [Board 49-26] cannot add Board Part trenz.biz:te0725_35_2c:part0:1.0 available at C:/Users/micha/AppData/Roaming/Xilinx/Vivado/2019.1/xhub/board_store/XilinxBoardStore/Vivado/2019.1/boards/Trenz_Electronic/TE0725_35_2C/1.0/1.0/board.xml as part xc7a35tcsg324-2 specified in board_part file is either invalid or not available
WARNING: [Board 49-26] cannot add Board Part trenz.biz:te0725lp_100:part0:1.0 available at C:/Users/micha/AppData/Roaming/Xilinx/Vivado/2019.1/xhub/board_store/XilinxBoardStore/Vivado/2019.1/boards/Trenz_Electronic/TE0725LP/1.0/1.0/board.xml as part xc7a100tcsg324-2 specified in board_part file is either invalid or not available
WARNING: [Board 49-26] cannot add Board Part xilinx.com:au200:part0:1.2 available at C:/Users/micha/AppData/Roaming/Xilinx/Vivado/2019.1/xhub/board_store/XilinxBoardStore/Vivado/2019.1/boards/Xilinx/au200/1.2/1.2/board.xml as part xcu200-fsgd2104-2-e specified in board_part file is either invalid or not available
WARNING: [Board 49-26] cannot add Board Part xilinx.com:au250:part0:1.2 available at C:/Users/micha/AppData/Roaming/Xilinx/Vivado/2019.1/xhub/board_store/XilinxBoardStore/Vivado/2019.1/boards/Xilinx/au250/1.2/1.2/board.xml as part xcu250-figd2104-2l-e specified in board_part file is either invalid or not available
WARNING: [Board 49-26] cannot add Board Part xilinx.com:au280:part0:1.0 available at C:/Users/micha/AppData/Roaming/Xilinx/Vivado/2019.1/xhub/board_store/XilinxBoardStore/Vivado/2019.1/boards/Xilinx/au280/production/1.0/1.0/board.xml as part xcu280-fsvh2892-2l-e specified in board_part file is either invalid or not available
WARNING: [Board 49-26] cannot add Board Part xilinx.com:au280_es1:part0:1.0 available at C:/Users/micha/AppData/Roaming/Xilinx/Vivado/2019.1/xhub/board_store/XilinxBoardStore/Vivado/2019.1/boards/Xilinx/au280/es1/1.0/1.0/board.xml as part xcu280-fsvh2892-2l-e-es1 specified in board_part file is either invalid or not available
WARNING: [Board 49-26] cannot add Board Part xilinx.com:au280_es1:part0:1.1 available at C:/Users/micha/AppData/Roaming/Xilinx/Vivado/2019.1/xhub/board_store/XilinxBoardStore/Vivado/2019.1/boards/Xilinx/au280/es1/1.1/1.1/board.xml as part xcu280-fsvh2892-2l-e-es1 specified in board_part file is either invalid or not available
WARNING: [Board 49-26] cannot add Board Part xilinx.com:vcu118:part0:2.0 available at C:/Users/micha/AppData/Roaming/Xilinx/Vivado/2019.1/xhub/board_store/XilinxBoardStore/Vivado/2019.1/boards/Xilinx/vcu118/2.0/2.0/board.xml as part xcvu9p-flga2104-2l-e specified in board_part file is either invalid or not available
WARNING: [Board 49-26] cannot add Board Part xilinx.com:vcu128_es:part0:1.0 available at C:/Users/micha/AppData/Roaming/Xilinx/Vivado/2019.1/xhub/board_store/XilinxBoardStore/Vivado/2019.1/boards/Xilinx/vcu128/1.0/1.0/board.xml as part xcvu37p-fsvh2892-2l-e-es1 specified in board_part file is either invalid or not available
WARNING: [Board 49-26] cannot add Board Part xilinx.com:vcu128_es:part0:1.1 available at C:/Users/micha/AppData/Roaming/Xilinx/Vivado/2019.1/xhub/board_store/XilinxBoardStore/Vivado/2019.1/boards/Xilinx/vcu128/1.1/1.1/board.xml as part xcvu37p-fsvh2892-2l-e-es1 specified in board_part file is either invalid or not available
WARNING: [Board 49-26] cannot add Board Part xilinx.com:vcu129:part0:1.0 available at C:/Users/micha/AppData/Roaming/Xilinx/Vivado/2019.1/xhub/board_store/XilinxBoardStore/Vivado/2019.1/boards/Xilinx/vcu129/production/1.0/1.0/board.xml as part xcvu29p-fsga2577-2l-e specified in board_part file is either invalid or not available
WARNING: [Board 49-26] cannot add Board Part xilinx.com:vcu129_es:part0:1.0 available at C:/Users/micha/AppData/Roaming/Xilinx/Vivado/2019.1/xhub/board_store/XilinxBoardStore/Vivado/2019.1/boards/Xilinx/vcu129/es/1.0/1.0/board.xml as part xcvu29p-fsga2577-2l-e-es1 specified in board_part file is either invalid or not available
WARNING: [Board 49-26] cannot add Board Part digilentinc.com:arty-a7-100:part0:1.0 available at C:/Users/micha/AppData/Roaming/Xilinx/Vivado/2019.1/xhub/board_store/XilinxBoardStore/Vivado/2019.1/boards/Digilent/arty-a7-100/E.0/1.0/board.xml as part xc7a100tcsg324-1 specified in board_part file is either invalid or not available
WARNING: [Board 49-26] cannot add Board Part digilentinc.com:arty-a7-35:part0:1.0 available at C:/Users/micha/AppData/Roaming/Xilinx/Vivado/2019.1/xhub/board_store/XilinxBoardStore/Vivado/2019.1/boards/Digilent/arty-a7-35/E.0/1.0/board.xml as part xc7a35ticsg324-1l specified in board_part file is either invalid or not available
WARNING: [Board 49-26] cannot add Board Part digilentinc.com:arty-s7-25:part0:1.0 available at C:/Users/micha/AppData/Roaming/Xilinx/Vivado/2019.1/xhub/board_store/XilinxBoardStore/Vivado/2019.1/boards/Digilent/arty-s7-25/E.0/1.0/board.xml as part xc7s25csga324-1 specified in board_part file is either invalid or not available
WARNING: [Board 49-26] cannot add Board Part digilentinc.com:arty-s7-50:part0:1.0 available at C:/Users/micha/AppData/Roaming/Xilinx/Vivado/2019.1/xhub/board_store/XilinxBoardStore/Vivado/2019.1/boards/Digilent/arty-s7-50/B.0/1.0/board.xml as part xc7s50csga324-1 specified in board_part file is either invalid or not available
WARNING: [Board 49-26] cannot add Board Part digilentinc.com:arty:part0:1.1 available at C:/Users/micha/AppData/Roaming/Xilinx/Vivado/2019.1/xhub/board_store/XilinxBoardStore/Vivado/2019.1/boards/Digilent/arty/C.0/1.1/board.xml as part xc7a35ticsg324-1l specified in board_part file is either invalid or not available
WARNING: [Board 49-26] cannot add Board Part digilentinc.com:basys3:part0:1.1 available at C:/Users/micha/AppData/Roaming/Xilinx/Vivado/2019.1/xhub/board_store/XilinxBoardStore/Vivado/2019.1/boards/Digilent/basys3/C.0/1.1/board.xml as part xc7a35tcpg236-1 specified in board_part file is either invalid or not available
WARNING: [Board 49-26] cannot add Board Part digilentinc.com:cmod-s7-25:part0:1.0 available at C:/Users/micha/AppData/Roaming/Xilinx/Vivado/2019.1/xhub/board_store/XilinxBoardStore/Vivado/2019.1/boards/Digilent/cmod-s7-25/B.0/1.0/board.xml as part xc7s25csga225-1 specified in board_part file is either invalid or not available
WARNING: [Board 49-26] cannot add Board Part digilentinc.com:cmod_a7-15t:part0:1.1 available at C:/Users/micha/AppData/Roaming/Xilinx/Vivado/2019.1/xhub/board_store/XilinxBoardStore/Vivado/2019.1/boards/Digilent/cmod_a7-15t/B.0/1.1/board.xml as part xc7a15tcpg236-1 specified in board_part file is either invalid or not available
WARNING: [Board 49-26] cannot add Board Part digilentinc.com:cmod_a7-35t:part0:1.1 available at C:/Users/micha/AppData/Roaming/Xilinx/Vivado/2019.1/xhub/board_store/XilinxBoardStore/Vivado/2019.1/boards/Digilent/cmod_a7-35t/B.0/1.1/board.xml as part xc7a35tcpg236-1 specified in board_part file is either invalid or not available
WARNING: [Board 49-26] cannot add Board Part digilentinc.com:genesys2:part0:1.1 available at C:/Users/micha/AppData/Roaming/Xilinx/Vivado/2019.1/xhub/board_store/XilinxBoardStore/Vivado/2019.1/boards/Digilent/genesys2/H/1.1/board.xml as part xc7k325tffg900-2 specified in board_part file is either invalid or not available
WARNING: [Board 49-26] cannot add Board Part digilentinc.com:nexys4:part0:1.1 available at C:/Users/micha/AppData/Roaming/Xilinx/Vivado/2019.1/xhub/board_store/XilinxBoardStore/Vivado/2019.1/boards/Digilent/nexys4/B.1/1.1/board.xml as part xc7a100tcsg324-1 specified in board_part file is either invalid or not available
WARNING: [Board 49-26] cannot add Board Part digilentinc.com:nexys4_ddr:part0:1.1 available at C:/Users/micha/AppData/Roaming/Xilinx/Vivado/2019.1/xhub/board_store/XilinxBoardStore/Vivado/2019.1/boards/Digilent/nexys4_ddr/C.1/1.1/board.xml as part xc7a100tcsg324-1 specified in board_part file is either invalid or not available
WARNING: [Board 49-26] cannot add Board Part digilentinc.com:nexys_video:part0:1.1 available at C:/Users/micha/AppData/Roaming/Xilinx/Vivado/2019.1/xhub/board_store/XilinxBoardStore/Vivado/2019.1/boards/Digilent/nexys_video/A.0/1.1/board.xml as part xc7a200tsbg484-1 specified in board_part file is either invalid or not available
WARNING: [Board 49-26] cannot add Board Part digilentinc.com:sword:part0:1.0 available at C:/Users/micha/AppData/Roaming/Xilinx/Vivado/2019.1/xhub/board_store/XilinxBoardStore/Vivado/2019.1/boards/Digilent/sword/C.0/1.0/board.xml as part xc7k325tffg900-2 specified in board_part file is either invalid or not available
WARNING: [Board 49-26] cannot add Board Part trenz.biz:te0712_100_1i:part0:1.0 available at C:/Users/micha/AppData/Roaming/Xilinx/Vivado/2019.1/xhub/board_store/XilinxBoardStore/Vivado/2019.1/boards/Trenz_Electronic/TE0712_100_1I/1.0/1.0/board.xml as part xc7a100tfgg484-1 specified in board_part file is either invalid or not available
WARNING: [Board 49-26] cannot add Board Part trenz.biz:te0712_100_2c:part0:1.0 available at C:/Users/micha/AppData/Roaming/Xilinx/Vivado/2019.1/xhub/board_store/XilinxBoardStore/Vivado/2019.1/boards/Trenz_Electronic/TE0712_100_2C/1.0/1.0/board.xml as part xc7a100tfgg484-2 specified in board_part file is either invalid or not available
WARNING: [Board 49-26] cannot add Board Part trenz.biz:te0712_100_2c:part0:2.0 available at C:/Users/micha/AppData/Roaming/Xilinx/Vivado/2019.1/xhub/board_store/XilinxBoardStore/Vivado/2019.1/boards/Trenz_Electronic/TE0712_100_2C/2.0/2.0/board.xml as part xc7a100tfgg484-2 specified in board_part file is either invalid or not available
WARNING: [Board 49-26] cannot add Board Part trenz.biz:te0712_200_1i:part0:1.0 available at C:/Users/micha/AppData/Roaming/Xilinx/Vivado/2019.1/xhub/board_store/XilinxBoardStore/Vivado/2019.1/boards/Trenz_Electronic/TE0712_200_1I/1.0/1.0/board.xml as part xc7a200tfbg484-1 specified in board_part file is either invalid or not available
WARNING: [Board 49-26] cannot add Board Part trenz.biz:te0712_200_2c:part0:1.0 available at C:/Users/micha/AppData/Roaming/Xilinx/Vivado/2019.1/xhub/board_store/XilinxBoardStore/Vivado/2019.1/boards/Trenz_Electronic/TE0712_200_2C/1.0/1.0/board.xml as part xc7a200tfbg484-2 specified in board_part file is either invalid or not available
WARNING: [Board 49-26] cannot add Board Part trenz.biz:te0712_200_2i:part0:1.0 available at C:/Users/micha/AppData/Roaming/Xilinx/Vivado/2019.1/xhub/board_store/XilinxBoardStore/Vivado/2019.1/boards/Trenz_Electronic/TE0712_200_2I/1.0/1.0/board.xml as part xc7a200tfbg484-2 specified in board_part file is either invalid or not available
WARNING: [Board 49-26] cannot add Board Part trenz.biz:te0712_35_2i:part0:1.0 available at C:/Users/micha/AppData/Roaming/Xilinx/Vivado/2019.1/xhub/board_store/XilinxBoardStore/Vivado/2019.1/boards/Trenz_Electronic/TE0712_35_2I/1.0/1.0/board.xml as part xc7a35tfgg484-2 specified in board_part file is either invalid or not available
WARNING: [Board 49-26] cannot add Board Part trenz.biz:te0725_100_2c:part0:1.0 available at C:/Users/micha/AppData/Roaming/Xilinx/Vivado/2019.1/xhub/board_store/XilinxBoardStore/Vivado/2019.1/boards/Trenz_Electronic/TE0725_100_2C/1.0/1.0/board.xml as part xc7a100tcsg324-2 specified in board_part file is either invalid or not available
WARNING: [Board 49-26] cannot add Board Part trenz.biz:te0725_100_2i:part0:1.0 available at C:/Users/micha/AppData/Roaming/Xilinx/Vivado/2019.1/xhub/board_store/XilinxBoardStore/Vivado/2019.1/boards/Trenz_Electronic/TE0725_100_2I/1.0/1.0/board.xml as part xc7a100tcsg324-2 specified in board_part file is either invalid or not available
WARNING: [Board 49-26] cannot add Board Part trenz.biz:te0725_15_1c:part0:1.0 available at C:/Users/micha/AppData/Roaming/Xilinx/Vivado/2019.1/xhub/board_store/XilinxBoardStore/Vivado/2019.1/boards/Trenz_Electronic/TE0725_15_1C/1.0/1.0/board.xml as part xc7a15tcsg324-1 specified in board_part file is either invalid or not available
WARNING: [Board 49-26] cannot add Board Part trenz.biz:te0725_35_2c:part0:1.0 available at C:/Users/micha/AppData/Roaming/Xilinx/Vivado/2019.1/xhub/board_store/XilinxBoardStore/Vivado/2019.1/boards/Trenz_Electronic/TE0725_35_2C/1.0/1.0/board.xml as part xc7a35tcsg324-2 specified in board_part file is either invalid or not available
WARNING: [Board 49-26] cannot add Board Part trenz.biz:te0725lp_100:part0:1.0 available at C:/Users/micha/AppData/Roaming/Xilinx/Vivado/2019.1/xhub/board_store/XilinxBoardStore/Vivado/2019.1/boards/Trenz_Electronic/TE0725LP/1.0/1.0/board.xml as part xc7a100tcsg324-2 specified in board_part file is either invalid or not available
WARNING: [Board 49-26] cannot add Board Part xilinx.com:au200:part0:1.2 available at C:/Users/micha/AppData/Roaming/Xilinx/Vivado/2019.1/xhub/board_store/XilinxBoardStore/Vivado/2019.1/boards/Xilinx/au200/1.2/1.2/board.xml as part xcu200-fsgd2104-2-e specified in board_part file is either invalid or not available
WARNING: [Board 49-26] cannot add Board Part xilinx.com:au250:part0:1.2 available at C:/Users/micha/AppData/Roaming/Xilinx/Vivado/2019.1/xhub/board_store/XilinxBoardStore/Vivado/2019.1/boards/Xilinx/au250/1.2/1.2/board.xml as part xcu250-figd2104-2l-e specified in board_part file is either invalid or not available
WARNING: [Board 49-26] cannot add Board Part xilinx.com:au280:part0:1.0 available at C:/Users/micha/AppData/Roaming/Xilinx/Vivado/2019.1/xhub/board_store/XilinxBoardStore/Vivado/2019.1/boards/Xilinx/au280/production/1.0/1.0/board.xml as part xcu280-fsvh2892-2l-e specified in board_part file is either invalid or not available
WARNING: [Board 49-26] cannot add Board Part xilinx.com:au280_es1:part0:1.0 available at C:/Users/micha/AppData/Roaming/Xilinx/Vivado/2019.1/xhub/board_store/XilinxBoardStore/Vivado/2019.1/boards/Xilinx/au280/es1/1.0/1.0/board.xml as part xcu280-fsvh2892-2l-e-es1 specified in board_part file is either invalid or not available
WARNING: [Board 49-26] cannot add Board Part xilinx.com:au280_es1:part0:1.1 available at C:/Users/micha/AppData/Roaming/Xilinx/Vivado/2019.1/xhub/board_store/XilinxBoardStore/Vivado/2019.1/boards/Xilinx/au280/es1/1.1/1.1/board.xml as part xcu280-fsvh2892-2l-e-es1 specified in board_part file is either invalid or not available
WARNING: [Board 49-26] cannot add Board Part xilinx.com:vcu118:part0:2.0 available at C:/Users/micha/AppData/Roaming/Xilinx/Vivado/2019.1/xhub/board_store/XilinxBoardStore/Vivado/2019.1/boards/Xilinx/vcu118/2.0/2.0/board.xml as part xcvu9p-flga2104-2l-e specified in board_part file is either invalid or not available
WARNING: [Board 49-26] cannot add Board Part xilinx.com:vcu128_es:part0:1.0 available at C:/Users/micha/AppData/Roaming/Xilinx/Vivado/2019.1/xhub/board_store/XilinxBoardStore/Vivado/2019.1/boards/Xilinx/vcu128/1.0/1.0/board.xml as part xcvu37p-fsvh2892-2l-e-es1 specified in board_part file is either invalid or not available
WARNING: [Board 49-26] cannot add Board Part xilinx.com:vcu128_es:part0:1.1 available at C:/Users/micha/AppData/Roaming/Xilinx/Vivado/2019.1/xhub/board_store/XilinxBoardStore/Vivado/2019.1/boards/Xilinx/vcu128/1.1/1.1/board.xml as part xcvu37p-fsvh2892-2l-e-es1 specified in board_part file is either invalid or not available
WARNING: [Board 49-26] cannot add Board Part xilinx.com:vcu129:part0:1.0 available at C:/Users/micha/AppData/Roaming/Xilinx/Vivado/2019.1/xhub/board_store/XilinxBoardStore/Vivado/2019.1/boards/Xilinx/vcu129/production/1.0/1.0/board.xml as part xcvu29p-fsga2577-2l-e specified in board_part file is either invalid or not available
WARNING: [Board 49-26] cannot add Board Part xilinx.com:vcu129_es:part0:1.0 available at C:/Users/micha/AppData/Roaming/Xilinx/Vivado/2019.1/xhub/board_store/XilinxBoardStore/Vivado/2019.1/boards/Xilinx/vcu129/es/1.0/1.0/board.xml as part xcvu29p-fsga2577-2l-e-es1 specified in board_part file is either invalid or not available
WARNING: [Board 49-26] cannot add Board Part digilentinc.com:arty-a7-100:part0:1.0 available at C:/Users/micha/AppData/Roaming/Xilinx/Vivado/2019.1/xhub/board_store/XilinxBoardStore/Vivado/2019.1/boards/Digilent/arty-a7-100/E.0/1.0/board.xml as part xc7a100tcsg324-1 specified in board_part file is either invalid or not available
WARNING: [Board 49-26] cannot add Board Part digilentinc.com:arty-a7-35:part0:1.0 available at C:/Users/micha/AppData/Roaming/Xilinx/Vivado/2019.1/xhub/board_store/XilinxBoardStore/Vivado/2019.1/boards/Digilent/arty-a7-35/E.0/1.0/board.xml as part xc7a35ticsg324-1l specified in board_part file is either invalid or not available
WARNING: [Board 49-26] cannot add Board Part digilentinc.com:arty-s7-25:part0:1.0 available at C:/Users/micha/AppData/Roaming/Xilinx/Vivado/2019.1/xhub/board_store/XilinxBoardStore/Vivado/2019.1/boards/Digilent/arty-s7-25/E.0/1.0/board.xml as part xc7s25csga324-1 specified in board_part file is either invalid or not available
WARNING: [Board 49-26] cannot add Board Part digilentinc.com:arty-s7-50:part0:1.0 available at C:/Users/micha/AppData/Roaming/Xilinx/Vivado/2019.1/xhub/board_store/XilinxBoardStore/Vivado/2019.1/boards/Digilent/arty-s7-50/B.0/1.0/board.xml as part xc7s50csga324-1 specified in board_part file is either invalid or not available
WARNING: [Board 49-26] cannot add Board Part digilentinc.com:arty:part0:1.1 available at C:/Users/micha/AppData/Roaming/Xilinx/Vivado/2019.1/xhub/board_store/XilinxBoardStore/Vivado/2019.1/boards/Digilent/arty/C.0/1.1/board.xml as part xc7a35ticsg324-1l specified in board_part file is either invalid or not available
WARNING: [Board 49-26] cannot add Board Part digilentinc.com:basys3:part0:1.1 available at C:/Users/micha/AppData/Roaming/Xilinx/Vivado/2019.1/xhub/board_store/XilinxBoardStore/Vivado/2019.1/boards/Digilent/basys3/C.0/1.1/board.xml as part xc7a35tcpg236-1 specified in board_part file is either invalid or not available
WARNING: [Board 49-26] cannot add Board Part digilentinc.com:cmod-s7-25:part0:1.0 available at C:/Users/micha/AppData/Roaming/Xilinx/Vivado/2019.1/xhub/board_store/XilinxBoardStore/Vivado/2019.1/boards/Digilent/cmod-s7-25/B.0/1.0/board.xml as part xc7s25csga225-1 specified in board_part file is either invalid or not available
WARNING: [Board 49-26] cannot add Board Part digilentinc.com:cmod_a7-15t:part0:1.1 available at C:/Users/micha/AppData/Roaming/Xilinx/Vivado/2019.1/xhub/board_store/XilinxBoardStore/Vivado/2019.1/boards/Digilent/cmod_a7-15t/B.0/1.1/board.xml as part xc7a15tcpg236-1 specified in board_part file is either invalid or not available
WARNING: [Board 49-26] cannot add Board Part digilentinc.com:cmod_a7-35t:part0:1.1 available at C:/Users/micha/AppData/Roaming/Xilinx/Vivado/2019.1/xhub/board_store/XilinxBoardStore/Vivado/2019.1/boards/Digilent/cmod_a7-35t/B.0/1.1/board.xml as part xc7a35tcpg236-1 specified in board_part file is either invalid or not available
WARNING: [Board 49-26] cannot add Board Part digilentinc.com:genesys2:part0:1.1 available at C:/Users/micha/AppData/Roaming/Xilinx/Vivado/2019.1/xhub/board_store/XilinxBoardStore/Vivado/2019.1/boards/Digilent/genesys2/H/1.1/board.xml as part xc7k325tffg900-2 specified in board_part file is either invalid or not available
WARNING: [Board 49-26] cannot add Board Part digilentinc.com:nexys4:part0:1.1 available at C:/Users/micha/AppData/Roaming/Xilinx/Vivado/2019.1/xhub/board_store/XilinxBoardStore/Vivado/2019.1/boards/Digilent/nexys4/B.1/1.1/board.xml as part xc7a100tcsg324-1 specified in board_part file is either invalid or not available
WARNING: [Board 49-26] cannot add Board Part digilentinc.com:nexys4_ddr:part0:1.1 available at C:/Users/micha/AppData/Roaming/Xilinx/Vivado/2019.1/xhub/board_store/XilinxBoardStore/Vivado/2019.1/boards/Digilent/nexys4_ddr/C.1/1.1/board.xml as part xc7a100tcsg324-1 specified in board_part file is either invalid or not available
WARNING: [Board 49-26] cannot add Board Part digilentinc.com:nexys_video:part0:1.1 available at C:/Users/micha/AppData/Roaming/Xilinx/Vivado/2019.1/xhub/board_store/XilinxBoardStore/Vivado/2019.1/boards/Digilent/nexys_video/A.0/1.1/board.xml as part xc7a200tsbg484-1 specified in board_part file is either invalid or not available
WARNING: [Board 49-26] cannot add Board Part digilentinc.com:sword:part0:1.0 available at C:/Users/micha/AppData/Roaming/Xilinx/Vivado/2019.1/xhub/board_store/XilinxBoardStore/Vivado/2019.1/boards/Digilent/sword/C.0/1.0/board.xml as part xc7k325tffg900-2 specified in board_part file is either invalid or not available
WARNING: [Board 49-26] cannot add Board Part trenz.biz:te0712_100_1i:part0:1.0 available at C:/Users/micha/AppData/Roaming/Xilinx/Vivado/2019.1/xhub/board_store/XilinxBoardStore/Vivado/2019.1/boards/Trenz_Electronic/TE0712_100_1I/1.0/1.0/board.xml as part xc7a100tfgg484-1 specified in board_part file is either invalid or not available
WARNING: [Board 49-26] cannot add Board Part trenz.biz:te0712_100_2c:part0:1.0 available at C:/Users/micha/AppData/Roaming/Xilinx/Vivado/2019.1/xhub/board_store/XilinxBoardStore/Vivado/2019.1/boards/Trenz_Electronic/TE0712_100_2C/1.0/1.0/board.xml as part xc7a100tfgg484-2 specified in board_part file is either invalid or not available
WARNING: [Board 49-26] cannot add Board Part trenz.biz:te0712_100_2c:part0:2.0 available at C:/Users/micha/AppData/Roaming/Xilinx/Vivado/2019.1/xhub/board_store/XilinxBoardStore/Vivado/2019.1/boards/Trenz_Electronic/TE0712_100_2C/2.0/2.0/board.xml as part xc7a100tfgg484-2 specified in board_part file is either invalid or not available
WARNING: [Board 49-26] cannot add Board Part trenz.biz:te0712_200_1i:part0:1.0 available at C:/Users/micha/AppData/Roaming/Xilinx/Vivado/2019.1/xhub/board_store/XilinxBoardStore/Vivado/2019.1/boards/Trenz_Electronic/TE0712_200_1I/1.0/1.0/board.xml as part xc7a200tfbg484-1 specified in board_part file is either invalid or not available
WARNING: [Board 49-26] cannot add Board Part trenz.biz:te0712_200_2c:part0:1.0 available at C:/Users/micha/AppData/Roaming/Xilinx/Vivado/2019.1/xhub/board_store/XilinxBoardStore/Vivado/2019.1/boards/Trenz_Electronic/TE0712_200_2C/1.0/1.0/board.xml as part xc7a200tfbg484-2 specified in board_part file is either invalid or not available
WARNING: [Board 49-26] cannot add Board Part trenz.biz:te0712_200_2i:part0:1.0 available at C:/Users/micha/AppData/Roaming/Xilinx/Vivado/2019.1/xhub/board_store/XilinxBoardStore/Vivado/2019.1/boards/Trenz_Electronic/TE0712_200_2I/1.0/1.0/board.xml as part xc7a200tfbg484-2 specified in board_part file is either invalid or not available
WARNING: [Board 49-26] cannot add Board Part trenz.biz:te0712_35_2i:part0:1.0 available at C:/Users/micha/AppData/Roaming/Xilinx/Vivado/2019.1/xhub/board_store/XilinxBoardStore/Vivado/2019.1/boards/Trenz_Electronic/TE0712_35_2I/1.0/1.0/board.xml as part xc7a35tfgg484-2 specified in board_part file is either invalid or not available
WARNING: [Board 49-26] cannot add Board Part trenz.biz:te0725_100_2c:part0:1.0 available at C:/Users/micha/AppData/Roaming/Xilinx/Vivado/2019.1/xhub/board_store/XilinxBoardStore/Vivado/2019.1/boards/Trenz_Electronic/TE0725_100_2C/1.0/1.0/board.xml as part xc7a100tcsg324-2 specified in board_part file is either invalid or not available
WARNING: [Board 49-26] cannot add Board Part trenz.biz:te0725_100_2i:part0:1.0 available at C:/Users/micha/AppData/Roaming/Xilinx/Vivado/2019.1/xhub/board_store/XilinxBoardStore/Vivado/2019.1/boards/Trenz_Electronic/TE0725_100_2I/1.0/1.0/board.xml as part xc7a100tcsg324-2 specified in board_part file is either invalid or not available
WARNING: [Board 49-26] cannot add Board Part trenz.biz:te0725_15_1c:part0:1.0 available at C:/Users/micha/AppData/Roaming/Xilinx/Vivado/2019.1/xhub/board_store/XilinxBoardStore/Vivado/2019.1/boards/Trenz_Electronic/TE0725_15_1C/1.0/1.0/board.xml as part xc7a15tcsg324-1 specified in board_part file is either invalid or not available
WARNING: [Board 49-26] cannot add Board Part trenz.biz:te0725_35_2c:part0:1.0 available at C:/Users/micha/AppData/Roaming/Xilinx/Vivado/2019.1/xhub/board_store/XilinxBoardStore/Vivado/2019.1/boards/Trenz_Electronic/TE0725_35_2C/1.0/1.0/board.xml as part xc7a35tcsg324-2 specified in board_part file is either invalid or not available
WARNING: [Board 49-26] cannot add Board Part trenz.biz:te0725lp_100:part0:1.0 available at C:/Users/micha/AppData/Roaming/Xilinx/Vivado/2019.1/xhub/board_store/XilinxBoardStore/Vivado/2019.1/boards/Trenz_Electronic/TE0725LP/1.0/1.0/board.xml as part xc7a100tcsg324-2 specified in board_part file is either invalid or not available
WARNING: [Board 49-26] cannot add Board Part xilinx.com:au200:part0:1.2 available at C:/Users/micha/AppData/Roaming/Xilinx/Vivado/2019.1/xhub/board_store/XilinxBoardStore/Vivado/2019.1/boards/Xilinx/au200/1.2/1.2/board.xml as part xcu200-fsgd2104-2-e specified in board_part file is either invalid or not available
WARNING: [Board 49-26] cannot add Board Part xilinx.com:au250:part0:1.2 available at C:/Users/micha/AppData/Roaming/Xilinx/Vivado/2019.1/xhub/board_store/XilinxBoardStore/Vivado/2019.1/boards/Xilinx/au250/1.2/1.2/board.xml as part xcu250-figd2104-2l-e specified in board_part file is either invalid or not available
INFO: [Common 17-14] Message 'Board 49-26' appears 100 times and further instances of the messages will be disabled. Use the Tcl command set_msg_config to change the current settings.
INFO: [BD 41-1029] Generation completed for the IP Integrator block axi_gpio_0 .
INFO: [BD 41-1029] Generation completed for the IP Integrator block rst_ps7_0_50M .
WARNING: [IP_Flow 19-4994] Overwriting existing constraint file 'c:/Users/micha/Documents/Vivado_ws/DLIC_2020_hw3_2/DLIC_2020_hw3_2.srcs/sources_1/bd/design_1/ip/design_1_auto_pc_0/design_1_auto_pc_0_ooc.xdc'
INFO: [BD 41-1029] Generation completed for the IP Integrator block ps7_0_axi_periph/s00_couplers/auto_pc .
Exporting to file C:/Users/micha/Documents/Vivado_ws/DLIC_2020_hw3_2/DLIC_2020_hw3_2.srcs/sources_1/bd/design_1/hw_handoff/design_1.hwh
Generated Block Design Tcl file C:/Users/micha/Documents/Vivado_ws/DLIC_2020_hw3_2/DLIC_2020_hw3_2.srcs/sources_1/bd/design_1/hw_handoff/design_1_bd.tcl
Generated Hardware Definition File C:/Users/micha/Documents/Vivado_ws/DLIC_2020_hw3_2/DLIC_2020_hw3_2.srcs/sources_1/bd/design_1/synth/design_1.hwdef
generate_target: Time (s): cpu = 00:00:20 ; elapsed = 00:00:25 . Memory (MB): peak = 1228.898 ; gain = 183.117
export_ip_user_files -of_objects [get_files C:/Users/micha/Documents/Vivado_ws/DLIC_2020_hw3_2/DLIC_2020_hw3_2.srcs/sources_1/bd/design_1/design_1.bd] -no_script -sync -force -quiet
export_simulation -of_objects [get_files C:/Users/micha/Documents/Vivado_ws/DLIC_2020_hw3_2/DLIC_2020_hw3_2.srcs/sources_1/bd/design_1/design_1.bd] -directory C:/Users/micha/Documents/Vivado_ws/DLIC_2020_hw3_2/DLIC_2020_hw3_2.ip_user_files/sim_scripts -ip_user_files_dir C:/Users/micha/Documents/Vivado_ws/DLIC_2020_hw3_2/DLIC_2020_hw3_2.ip_user_files -ipstatic_source_dir C:/Users/micha/Documents/Vivado_ws/DLIC_2020_hw3_2/DLIC_2020_hw3_2.ip_user_files/ipstatic -lib_map_path [list {modelsim=C:/Users/micha/Documents/Vivado_ws/DLIC_2020_hw3_2/DLIC_2020_hw3_2.cache/compile_simlib/modelsim} {questa=C:/Users/micha/Documents/Vivado_ws/DLIC_2020_hw3_2/DLIC_2020_hw3_2.cache/compile_simlib/questa} {riviera=C:/Users/micha/Documents/Vivado_ws/DLIC_2020_hw3_2/DLIC_2020_hw3_2.cache/compile_simlib/riviera} {activehdl=C:/Users/micha/Documents/Vivado_ws/DLIC_2020_hw3_2/DLIC_2020_hw3_2.cache/compile_simlib/activehdl}] -use_ip_compiled_libs -force -quiet
reset_run synth_1
launch_runs synth_1 -jobs 12
[Thu Jul 15 07:04:03 2021] Launched synth_1...
Run output will be captured here: C:/Users/micha/Documents/Vivado_ws/DLIC_2020_hw3_2/DLIC_2020_hw3_2.runs/synth_1/runme.log
launch_runs impl_1 -jobs 12
[Thu Jul 15 07:05:19 2021] Launched impl_1...
Run output will be captured here: C:/Users/micha/Documents/Vivado_ws/DLIC_2020_hw3_2/DLIC_2020_hw3_2.runs/impl_1/runme.log
launch_runs impl_1 -to_step write_bitstream -jobs 12
[Thu Jul 15 07:06:38 2021] Launched impl_1...
Run output will be captured here: C:/Users/micha/Documents/Vivado_ws/DLIC_2020_hw3_2/DLIC_2020_hw3_2.runs/impl_1/runme.log
report_ip_status -name ip_status 
write_bd_tcl -force C:/Users/micha/Documents/Vivado_ws/DLIC_2020_hw3_2/hw3_2.tcl
INFO: [BD 5-148] Tcl file written out <C:/Users/micha/Documents/Vivado_ws/DLIC_2020_hw3_2/hw3_2.tcl>.

file copy -force C:/Users/micha/Documents/Vivado_ws/DLIC_2020_hw3_2/DLIC_2020_hw3_2.runs/impl_1/design_1_wrapper.bit C:/Users/micha/Documents/Vivado_ws/DLIC_2020_hw3_2/hw3_2.bit
exit
INFO: [Common 17-206] Exiting Vivado at Thu Jul 15 07:10:05 2021...
