Vivado Simulator 2019.1
Copyright 1986-1999, 2001-2019 Xilinx, Inc. All Rights Reserved.
Running: C:/Xilinx/Vivado/2019.1/bin/unwrapped/win64.o/xelab.exe -wto 575ce215c06a4c4a8d0e888251d474f6 --incr --debug typical --relax --mt 2 -L xil_defaultlib -L unisims_ver -L unimacro_ver -L secureip --snapshot top_tb_behav xil_defaultlib.top_tb xil_defaultlib.glbl -log elaborate.log 
Using 2 slave threads.
Starting static elaboration
Completed static elaboration
Starting simulation data flow analysis
WARNING: [XSIM 43-4099] "C:/Users/micha/Documents/Vivado_ws/DLIC_2020_hw5_conv/DLIC_2020_hw5_conv.srcs/sources_1/imports/Downloads/conv.v" Line 3. Module conv doesn't have a timescale but at least one module in design has a timescale.
WARNING: [XSIM 43-4099] "C:/Users/micha/Documents/Vivado_ws/DLIC_2020_hw5_conv/DLIC_2020_hw5_conv.srcs/sources_1/imports/Downloads/ctrl.v" Line 3. Module ctrl doesn't have a timescale but at least one module in design has a timescale.
WARNING: [XSIM 43-4099] "C:/Users/micha/Documents/Vivado_ws/DLIC_2020_hw5_conv/DLIC_2020_hw5_conv.srcs/sources_1/imports/Downloads/dp.v" Line 15. Module dp doesn't have a timescale but at least one module in design has a timescale.
WARNING: [XSIM 43-4099] "C:/Users/micha/Documents/Vivado_ws/DLIC_2020_hw5_conv/DLIC_2020_hw5_conv.srcs/sources_1/imports/Downloads/bram_sim.v" Line 1. Module bram_sim doesn't have a timescale but at least one module in design has a timescale.
WARNING: [XSIM 43-4099] "C:/Users/micha/Documents/Vivado_ws/DLIC_2020_hw5_conv/DLIC_2020_hw5_conv.srcs/sources_1/imports/Downloads/bram_sim.v" Line 1. Module bram_sim doesn't have a timescale but at least one module in design has a timescale.
Completed simulation data flow analysis
Time Resolution for simulation is 1ps
Compiling module xil_defaultlib.ctrl
Compiling module xil_defaultlib.dp
Compiling module xil_defaultlib.conv
Compiling module xil_defaultlib.bram_sim
Compiling module xil_defaultlib.top_tb
WARNING: [XSIM 43-3373] "C:/Users/micha/Documents/Vivado_ws/DLIC_2020_hw5_conv/DLIC_2020_hw5_conv.srcs/sim_1/imports/Downloads/conv_tb.v" Line 104. System function $fscanf is used as system task. This system function should have a LHS e.g. x=$fscanf().
Compiling module xil_defaultlib.glbl
Built simulation snapshot top_tb_behav
