Vivado Simulator 2019.1
Time resolution is 1 ps

Done

DM[   0] = ffffd749, pass
DM[   1] = ffffd749, pass
DM[   2] = ffffd749, pass
DM[   3] = ffffd749, pass
DM[   4] = ffffd749, pass
DM[   5] = ffffd749, pass
DM[   6] = ffffd749, pass
DM[   7] = ffffd749, pass
DM[   8] = ffffd749, pass
DM[   9] = ffffd749, pass
DM[  10] = ffffd749, pass
DM[  11] = ffffd749, pass
DM[  12] = ffffd749, pass
DM[  13] = ffffd749, pass
DM[  14] = ffffd749, pass
DM[  15] = ffffd749, pass
DM[  16] = ffffd749, pass
DM[  17] = ffffd749, pass
DM[  18] = ffffd749, pass
DM[  19] = ffffd749, pass
DM[  20] = ffffd749, pass
DM[  21] = ffffd749, pass
DM[  22] = ffffd749, pass
DM[  23] = ffffd749, pass
DM[  24] = ffffd749, pass
DM[  25] = ffffd749, pass
DM[  26] = ffffd749, pass
DM[  27] = ffffd749, pass
DM[  28] = ffffd749, pass
DM[  29] = ffffd749, pass
DM[  30] = ffffd749, pass
DM[  31] = ffffd749, pass
DM[  32] = ffffd749, pass
DM[  33] = ffffd749, pass
DM[  34] = ffffd749, pass
DM[  35] = ffffd749, pass
DM[  36] = ffffd749, pass
DM[  37] = ffffd749, pass
DM[  38] = ffffd749, pass
DM[  39] = ffffd749, pass
DM[  40] = ffffd749, pass
DM[  41] = ffffd749, pass
DM[  42] = ffffd749, pass
DM[  43] = ffffd749, pass
DM[  44] = ffffd749, pass
DM[  45] = ffffd749, pass
DM[  46] = ffffd749, pass
DM[  47] = ffffd749, pass
DM[  48] = ffffd749, pass
DM[  49] = ffffd749, pass
DM[  50] = ffffd749, pass
DM[  51] = ffffd749, pass
DM[  52] = ffffd749, pass
DM[  53] = ffffd749, pass
DM[  54] = ffffd749, pass
DM[  55] = ffffd749, pass
DM[  56] = ffffd749, pass
DM[  57] = ffffd749, pass
DM[  58] = ffffd749, pass
DM[  59] = ffffd749, pass
DM[  60] = ffffd749, pass
DM[  61] = ffffd749, pass
DM[  62] = ffffd749, pass
DM[  63] = ffffd749, pass
DM[  64] = ffffd749, pass
DM[  65] = ffffd749, pass
DM[  66] = ffffd749, pass
DM[  67] = ffffd749, pass
DM[  68] = ffffd749, pass
DM[  69] = ffffd749, pass
DM[  70] = ffffd749, pass
DM[  71] = ffffd749, pass
DM[  72] = ffffd749, pass
DM[  73] = ffffd749, pass
DM[  74] = ffffd749, pass
DM[  75] = ffffd749, pass
DM[  76] = ffffd749, pass
DM[  77] = ffffd749, pass
DM[  78] = ffffd749, pass
DM[  79] = ffffd749, pass
DM[  80] = ffffd749, pass
DM[  81] = ffffd749, pass
DM[  82] = ffffd749, pass
DM[  83] = ffffd749, pass
DM[  84] = ffffd749, pass
DM[  85] = ffffd749, pass
DM[  86] = ffffd749, pass
DM[  87] = ffffd749, pass
DM[  88] = ffffd779, pass
DM[  89] = ffffd748, pass
DM[  90] = ffffcfc7, pass
DM[  91] = ffffc688, pass
DM[  92] = ffffcd49, pass
DM[  93] = ffffa536, pass
DM[  94] = ffff6151, pass
DM[  95] = ffff4322, pass
DM[  96] = ffff6c02, pass
DM[  97] = ffff98a6, pass
DM[  98] = ffff2050, pass
DM[  99] = fffee4f8, pass
DM[ 100] = ffff0f2f, pass
DM[ 101] = ffff8903, pass
DM[ 102] = ffffd749, pass
DM[ 103] = ffffd749, pass
DM[ 104] = ffffd749, pass
DM[ 105] = ffffd749, pass
DM[ 106] = ffffd749, pass
DM[ 107] = ffffd749, pass
DM[ 108] = ffffd749, pass
DM[ 109] = ffffd749, pass
DM[ 110] = ffffd929, pass
DM[ 111] = ffffce3a, pass
DM[ 112] = ffffbd1c, pass
DM[ 113] = ffffa74d, pass
DM[ 114] = ffff6fd9, pass
DM[ 115] = ffff58c0, pass
DM[ 116] = ffff4f19, pass
DM[ 117] = ffff37d0, pass
DM[ 118] = ffff7c79, pass
DM[ 119] = 00003d77, pass
DM[ 120] = 00012e79, pass
DM[ 121] = 00012cf7, pass
DM[ 122] = 0000f73e, pass
DM[ 123] = 00010e57, pass
DM[ 124] = 0002767b, pass
DM[ 125] = 0002d20c, pass
DM[ 126] = 0001ed6a, pass
DM[ 127] = 00009bd3, pass
DM[ 128] = ffffd749, pass
DM[ 129] = ffffd749, pass
DM[ 130] = ffffd749, pass
DM[ 131] = ffffd749, pass
DM[ 132] = ffffd749, pass
DM[ 133] = ffffd749, pass
DM[ 134] = ffffd749, pass
DM[ 135] = ffffda5a, pass
DM[ 136] = ffffe6c6, pass
DM[ 137] = ffffb9f1, pass
DM[ 138] = ffffa6c8, pass
DM[ 139] = 0000330e, pass
DM[ 140] = 00011144, pass
DM[ 141] = 0001dad3, pass
DM[ 142] = 0002ad92, pass
DM[ 143] = 00035a80, pass
DM[ 144] = 00036f49, pass
DM[ 145] = 000464c7, pass
DM[ 146] = 0004ee90, pass
DM[ 147] = 0005205d, pass
DM[ 148] = 00042521, pass
DM[ 149] = 0004e00f, pass
DM[ 150] = 0006c43a, pass
DM[ 151] = 00066516, pass
DM[ 152] = 0003eaae, pass
DM[ 153] = 0000ec89, pass
DM[ 154] = ffffd749, pass
DM[ 155] = ffffd749, pass
DM[ 156] = ffffd749, pass
DM[ 157] = ffffd749, pass
DM[ 158] = ffffd749, pass
DM[ 159] = ffffd749, pass
DM[ 160] = ffffd749, pass
DM[ 161] = fffff78f, pass
DM[ 162] = 0000cff3, pass
DM[ 163] = 00026b46, pass
DM[ 164] = 000399ca, pass
DM[ 165] = 0004369a, pass
DM[ 166] = 0005095f, pass
DM[ 167] = 00058840, pass
DM[ 168] = 00065409, pass
DM[ 169] = 0006cf3e, pass
DM[ 170] = 0006fb3d, pass
DM[ 171] = 0006eaf4, pass
DM[ 172] = 000648cb, pass
DM[ 173] = 00054232, pass
DM[ 174] = 00041339, pass
DM[ 175] = 000460d5, pass
DM[ 176] = 00046c35, pass
DM[ 177] = 000374c0, pass
DM[ 178] = 0001a344, pass
DM[ 179] = 00002713, pass
DM[ 180] = ffffd749, pass
DM[ 181] = ffffd749, pass
DM[ 182] = ffffd749, pass
DM[ 183] = ffffd749, pass
DM[ 184] = ffffd749, pass
DM[ 185] = ffffd749, pass
DM[ 186] = ffffd749, pass
DM[ 187] = ffffec28, pass
DM[ 188] = 000122fd, pass
DM[ 189] = 0004866e, pass
DM[ 190] = 0006f321, pass
DM[ 191] = 000731c4, pass
DM[ 192] = 000718f0, pass
DM[ 193] = 0006bbf3, pass
DM[ 194] = 00069ef2, pass
DM[ 195] = 00069bbe, pass
DM[ 196] = 0006c19e, pass
DM[ 197] = 00070d88, pass
DM[ 198] = 000671d7, pass
DM[ 199] = 000352ba, pass
DM[ 200] = 00011408, pass
DM[ 201] = 00010150, pass
DM[ 202] = 0000c361, pass
DM[ 203] = 00007519, pass
DM[ 204] = 000007e8, pass
DM[ 205] = ffffd749, pass
DM[ 206] = ffffd749, pass
DM[ 207] = ffffd749, pass
DM[ 208] = ffffd749, pass
DM[ 209] = ffffd749, pass
DM[ 210] = ffffd749, pass
DM[ 211] = ffffd749, pass
DM[ 212] = ffffd749, pass
DM[ 213] = ffffdac0, pass
DM[ 214] = 00005ce8, pass
DM[ 215] = 0002fade, pass
DM[ 216] = 000534ea, pass
DM[ 217] = 0005fa80, pass
DM[ 218] = 0006704b, pass
DM[ 219] = 0006d343, pass
DM[ 220] = 0005f52f, pass
DM[ 221] = 00044cf4, pass
DM[ 222] = 0002c81c, pass
DM[ 223] = 0003c21a, pass
DM[ 224] = 00048509, pass
DM[ 225] = 000221e4, pass
DM[ 226] = ffffd749, pass
DM[ 227] = ffffd749, pass
DM[ 228] = ffffd749, pass
DM[ 229] = ffffd749, pass
DM[ 230] = ffffd749, pass
DM[ 231] = ffffd749, pass
DM[ 232] = ffffd749, pass
DM[ 233] = ffffd749, pass
DM[ 234] = ffffd749, pass
DM[ 235] = ffffd749, pass
DM[ 236] = ffffd749, pass
DM[ 237] = ffffd749, pass
DM[ 238] = ffffd749, pass
DM[ 239] = ffffd749, pass
DM[ 240] = ffffe6af, pass
DM[ 241] = 0000b2b9, pass
DM[ 242] = 0001c871, pass
DM[ 243] = 0002423b, pass
DM[ 244] = 00045081, pass
DM[ 245] = 0005d875, pass
DM[ 246] = 0004719a, pass
DM[ 247] = 0001210d, pass
DM[ 248] = ffffec0b, pass
DM[ 249] = 000055f3, pass
DM[ 250] = 00016860, pass
DM[ 251] = 00009746, pass
DM[ 252] = ffffd749, pass
DM[ 253] = ffffd749, pass
DM[ 254] = ffffd749, pass
DM[ 255] = ffffd749, pass
DM[ 256] = ffffd749, pass
DM[ 257] = ffffd749, pass
DM[ 258] = ffffd749, pass
DM[ 259] = ffffd749, pass
DM[ 260] = ffffd749, pass
DM[ 261] = ffffd749, pass
DM[ 262] = ffffd749, pass
DM[ 263] = ffffd749, pass
DM[ 264] = ffffd749, pass
DM[ 265] = ffffd749, pass
DM[ 266] = ffffd749, pass
DM[ 267] = ffffd9fb, pass
DM[ 268] = fffff711, pass
DM[ 269] = 000061b0, pass
DM[ 270] = 0002fd7e, pass
DM[ 271] = 0005d52e, pass
DM[ 272] = 00042d6a, pass
DM[ 273] = 0000f5ad, pass
DM[ 274] = ffffafdb, pass
DM[ 275] = ffffd749, pass
DM[ 276] = ffffd749, pass
DM[ 277] = ffffd749, pass
DM[ 278] = ffffd749, pass
DM[ 279] = ffffd749, pass
DM[ 280] = ffffd749, pass
DM[ 281] = ffffd749, pass
DM[ 282] = ffffd749, pass
DM[ 283] = ffffd749, pass
DM[ 284] = ffffd749, pass
DM[ 285] = ffffd749, pass
DM[ 286] = ffffd749, pass
DM[ 287] = ffffd749, pass
DM[ 288] = ffffd749, pass
DM[ 289] = ffffd749, pass
DM[ 290] = ffffd749, pass
DM[ 291] = ffffd749, pass
DM[ 292] = ffffd749, pass
DM[ 293] = ffffd749, pass
DM[ 294] = ffffd749, pass
DM[ 295] = fffff908, pass
DM[ 296] = 0001cf9a, pass
DM[ 297] = 0004e383, pass
DM[ 298] = 0005a03b, pass
DM[ 299] = 0002386b, pass
DM[ 300] = ffff9ba0, pass
DM[ 301] = ffff4c08, pass
DM[ 302] = ffff9459, pass
DM[ 303] = ffffd6ab, pass
DM[ 304] = ffffd749, pass
DM[ 305] = ffffd749, pass
DM[ 306] = ffffd749, pass
DM[ 307] = ffffd749, pass
DM[ 308] = ffffd749, pass
DM[ 309] = ffffd749, pass
DM[ 310] = ffffd749, pass
DM[ 311] = ffffd749, pass
DM[ 312] = ffffd749, pass
DM[ 313] = ffffd749, pass
DM[ 314] = ffffd749, pass
DM[ 315] = ffffd749, pass
DM[ 316] = ffffd749, pass
DM[ 317] = ffffd749, pass
DM[ 318] = ffffd749, pass
DM[ 319] = ffffd749, pass
DM[ 320] = ffffd749, pass
DM[ 321] = ffffd967, pass
DM[ 322] = 00002aed, pass
DM[ 323] = 00029d2b, pass
DM[ 324] = 00056d85, pass
DM[ 325] = 0004de73, pass
DM[ 326] = 00024657, pass
DM[ 327] = 0000c804, pass
DM[ 328] = ffffda78, pass
DM[ 329] = ffff8661, pass
DM[ 330] = ffffc7e0, pass
DM[ 331] = ffffd749, pass
DM[ 332] = ffffd749, pass
DM[ 333] = ffffd749, pass
DM[ 334] = ffffd749, pass
DM[ 335] = ffffd749, pass
DM[ 336] = ffffd749, pass
DM[ 337] = ffffd749, pass
DM[ 338] = ffffd749, pass
DM[ 339] = ffffd749, pass
DM[ 340] = ffffd749, pass
DM[ 341] = ffffd749, pass
DM[ 342] = ffffd749, pass
DM[ 343] = ffffd749, pass
DM[ 344] = ffffd749, pass
DM[ 345] = ffffd749, pass
DM[ 346] = ffffd749, pass
DM[ 347] = ffffd749, pass
DM[ 348] = ffffde06, pass
DM[ 349] = 00008823, pass
DM[ 350] = 00037561, pass
DM[ 351] = 0005eefc, pass
DM[ 352] = 00062f97, pass
DM[ 353] = 0004a771, pass
DM[ 354] = 000221ee, pass
DM[ 355] = 00000e13, pass
DM[ 356] = ffff9f1d, pass
DM[ 357] = ffffc6a5, pass
DM[ 358] = ffffd749, pass
DM[ 359] = ffffd749, pass
DM[ 360] = ffffd749, pass
DM[ 361] = ffffd749, pass
DM[ 362] = ffffd749, pass
DM[ 363] = ffffd749, pass
DM[ 364] = ffffd749, pass
DM[ 365] = ffffd749, pass
DM[ 366] = ffffd749, pass
DM[ 367] = ffffd749, pass
DM[ 368] = ffffd749, pass
DM[ 369] = ffffd749, pass
DM[ 370] = ffffd749, pass
DM[ 371] = ffffd749, pass
DM[ 372] = ffffd749, pass
DM[ 373] = ffffd749, pass
DM[ 374] = ffffd749, pass
DM[ 375] = ffffe6e0, pass
DM[ 376] = 0000d8db, pass
DM[ 377] = 00034f81, pass
DM[ 378] = 0005a3b7, pass
DM[ 379] = 0006f6fc, pass
DM[ 380] = 0005863a, pass
DM[ 381] = 00029f91, pass
DM[ 382] = 0000596c, pass
DM[ 383] = ffff9634, pass
DM[ 384] = ffffd749, pass
DM[ 385] = ffffd749, pass
DM[ 386] = ffffd749, pass
DM[ 387] = ffffd749, pass
DM[ 388] = ffffd749, pass
DM[ 389] = ffffd749, pass
DM[ 390] = ffffd749, pass
DM[ 391] = ffffd749, pass
DM[ 392] = ffffd749, pass
DM[ 393] = ffffd749, pass
DM[ 394] = ffffd749, pass
DM[ 395] = ffffd749, pass
DM[ 396] = ffffd749, pass
DM[ 397] = ffffd749, pass
DM[ 398] = ffffd749, pass
DM[ 399] = ffffd749, pass
DM[ 400] = ffffd749, pass
DM[ 401] = ffffd749, pass
DM[ 402] = ffffdff2, pass
DM[ 403] = 00006acc, pass
DM[ 404] = 00023a8a, pass
DM[ 405] = 000498f3, pass
DM[ 406] = 00061d89, pass
DM[ 407] = 00058172, pass
DM[ 408] = 0002f2b3, pass
DM[ 409] = 0000a2d5, pass
DM[ 410] = ffffafd7, pass
DM[ 411] = ffffd749, pass
DM[ 412] = ffffd749, pass
DM[ 413] = ffffd749, pass
DM[ 414] = ffffd749, pass
DM[ 415] = ffffd749, pass
DM[ 416] = ffffd749, pass
DM[ 417] = ffffd749, pass
DM[ 418] = ffffd749, pass
DM[ 419] = ffffd749, pass
DM[ 420] = ffffd749, pass
DM[ 421] = ffffd749, pass
DM[ 422] = ffffd749, pass
DM[ 423] = ffffd749, pass
DM[ 424] = ffffd749, pass
DM[ 425] = ffffd749, pass
DM[ 426] = ffffd749, pass
DM[ 427] = ffffd749, pass
DM[ 428] = ffffda2a, pass
DM[ 429] = ffffd129, pass
DM[ 430] = ffffcb62, pass
DM[ 431] = 00010699, pass
DM[ 432] = 00044358, pass
DM[ 433] = 0006a425, pass
DM[ 434] = 00057bea, pass
DM[ 435] = 00027d5b, pass
DM[ 436] = 00004cf9, pass
DM[ 437] = ffffd749, pass
DM[ 438] = ffffd749, pass
DM[ 439] = ffffd749, pass
DM[ 440] = ffffd749, pass
DM[ 441] = ffffd749, pass
DM[ 442] = ffffd749, pass
DM[ 443] = ffffd749, pass
DM[ 444] = ffffd749, pass
DM[ 445] = ffffd749, pass
DM[ 446] = ffffd749, pass
DM[ 447] = ffffd749, pass
DM[ 448] = ffffd749, pass
DM[ 449] = ffffd749, pass
DM[ 450] = ffffd749, pass
DM[ 451] = ffffd749, pass
DM[ 452] = ffffd9b9, pass
DM[ 453] = ffffd1d8, pass
DM[ 454] = ffffb309, pass
DM[ 455] = ffffd7b7, pass
DM[ 456] = 0000a514, pass
DM[ 457] = 0001ea62, pass
DM[ 458] = 0004f843, pass
DM[ 459] = 000698a5, pass
DM[ 460] = 0005af49, pass
DM[ 461] = 0002b20a, pass
DM[ 462] = 00002aca, pass
DM[ 463] = ffffd749, pass
DM[ 464] = ffffd749, pass
DM[ 465] = ffffd749, pass
DM[ 466] = ffffd749, pass
DM[ 467] = ffffd749, pass
DM[ 468] = ffffd749, pass
DM[ 469] = ffffd749, pass
DM[ 470] = ffffd749, pass
DM[ 471] = ffffd749, pass
DM[ 472] = ffffd749, pass
DM[ 473] = ffffd749, pass
DM[ 474] = ffffd749, pass
DM[ 475] = ffffd749, pass
DM[ 476] = ffffd8c9, pass
DM[ 477] = ffffd55e, pass
DM[ 478] = ffffc425, pass
DM[ 479] = ffffef09, pass
DM[ 480] = 0000e234, pass
DM[ 481] = 0002ac37, pass
DM[ 482] = 00046d49, pass
DM[ 483] = 00058469, pass
DM[ 484] = 00066e6f, pass
DM[ 485] = 0006d5f7, pass
DM[ 486] = 0005c123, pass
DM[ 487] = 0002300b, pass
DM[ 488] = ffffd9c7, pass
DM[ 489] = ffffd749, pass
DM[ 490] = ffffd749, pass
DM[ 491] = ffffd749, pass
DM[ 492] = ffffd749, pass
DM[ 493] = ffffd749, pass
DM[ 494] = ffffd749, pass
DM[ 495] = ffffd749, pass
DM[ 496] = ffffd749, pass
DM[ 497] = ffffd749, pass
DM[ 498] = ffffd749, pass
DM[ 499] = ffffd749, pass
DM[ 500] = ffffd8b9, pass
DM[ 501] = ffffd2bf, pass
DM[ 502] = ffffccd0, pass
DM[ 503] = ffffe019, pass
DM[ 504] = 00008a14, pass
DM[ 505] = 000252e1, pass
DM[ 506] = 0004872a, pass
DM[ 507] = 00060275, pass
DM[ 508] = 0006ab01, pass
DM[ 509] = 0006f0ec, pass
DM[ 510] = 0006ae0d, pass
DM[ 511] = 000564df, pass
DM[ 512] = 00033a8e, pass
DM[ 513] = 0000ba2e, pass
DM[ 514] = ffffd749, pass
DM[ 515] = ffffd749, pass
DM[ 516] = ffffd749, pass
DM[ 517] = ffffd749, pass
DM[ 518] = ffffd749, pass
DM[ 519] = ffffd749, pass
DM[ 520] = ffffd749, pass
DM[ 521] = ffffd749, pass
DM[ 522] = ffffd749, pass
DM[ 523] = ffffd749, pass
DM[ 524] = ffffd869, pass
DM[ 525] = ffffdb32, pass
DM[ 526] = ffffa810, pass
DM[ 527] = ffff7ce1, pass
DM[ 528] = 00002999, pass
DM[ 529] = 0001c379, pass
DM[ 530] = 00041757, pass
DM[ 531] = 0005c5d5, pass
DM[ 532] = 0006a21a, pass
DM[ 533] = 0006f1ae, pass
DM[ 534] = 0006a955, pass
DM[ 535] = 00056bdd, pass
DM[ 536] = 00038136, pass
DM[ 537] = 00018595, pass
DM[ 538] = 00003887, pass
DM[ 539] = ffffd749, pass
DM[ 540] = ffffd749, pass
DM[ 541] = ffffd749, pass
DM[ 542] = ffffd749, pass
DM[ 543] = ffffd749, pass
DM[ 544] = ffffd749, pass
DM[ 545] = ffffd749, pass
DM[ 546] = ffffd749, pass
DM[ 547] = ffffd749, pass
DM[ 548] = ffffdaba, pass
DM[ 549] = ffffcd50, pass
DM[ 550] = ffff8e24, pass
DM[ 551] = ffffb3bd, pass
DM[ 552] = 0000d50f, pass
DM[ 553] = 00028575, pass
DM[ 554] = 0003b365, pass
DM[ 555] = 00057b02, pass
DM[ 556] = 000688fa, pass
DM[ 557] = 0006bdb9, pass
DM[ 558] = 00068217, pass
DM[ 559] = 00056734, pass
DM[ 560] = 00038542, pass
DM[ 561] = 00019601, pass
DM[ 562] = 000040c7, pass
DM[ 563] = ffffd9c7, pass
DM[ 564] = ffffd749, pass
DM[ 565] = ffffd749, pass
DM[ 566] = ffffd749, pass
DM[ 567] = ffffd749, pass
DM[ 568] = ffffd749, pass
DM[ 569] = ffffd749, pass
DM[ 570] = ffffd749, pass
DM[ 571] = ffffd749, pass
DM[ 572] = ffffd749, pass
DM[ 573] = ffffd749, pass
DM[ 574] = 000002c2, pass
DM[ 575] = 0000803e, pass
DM[ 576] = 00015681, pass
DM[ 577] = 00029c56, pass
DM[ 578] = 0004a5ae, pass
DM[ 579] = 00061414, pass
DM[ 580] = 0006d2bf, pass
DM[ 581] = 000720be, pass
DM[ 582] = 0006f731, pass
DM[ 583] = 00061b74, pass
DM[ 584] = 0003e43b, pass
DM[ 585] = 00019512, pass
DM[ 586] = 00004f54, pass
DM[ 587] = ffffe281, pass
DM[ 588] = ffffd749, pass
DM[ 589] = ffffd749, pass
DM[ 590] = ffffd749, pass
DM[ 591] = ffffd749, pass
DM[ 592] = ffffd749, pass
DM[ 593] = ffffd749, pass
DM[ 594] = ffffd749, pass
DM[ 595] = ffffd749, pass
DM[ 596] = ffffd749, pass
DM[ 597] = ffffd749, pass
DM[ 598] = ffffd749, pass
DM[ 599] = ffffd749, pass
DM[ 600] = 00003854, pass
DM[ 601] = 0002005a, pass
DM[ 602] = 00051e36, pass
DM[ 603] = 00070884, pass
DM[ 604] = 00076eb1, pass
DM[ 605] = 0007188d, pass
DM[ 606] = 00064565, pass
DM[ 607] = 000565a9, pass
DM[ 608] = 000463c7, pass
DM[ 609] = 0002536c, pass
DM[ 610] = 000095ea, pass
DM[ 611] = ffffe500, pass
DM[ 612] = ffffd749, pass
DM[ 613] = ffffd749, pass
DM[ 614] = ffffd749, pass
DM[ 615] = ffffd749, pass
DM[ 616] = ffffd749, pass
DM[ 617] = ffffd749, pass
DM[ 618] = ffffd749, pass
DM[ 619] = ffffd749, pass
DM[ 620] = ffffd749, pass
DM[ 621] = ffffd749, pass
DM[ 622] = ffffd749, pass
DM[ 623] = ffffd749, pass
DM[ 624] = ffffd749, pass
DM[ 625] = ffffd749, pass
DM[ 626] = fffff176, pass
DM[ 627] = 00013ada, pass
DM[ 628] = 0002ec65, pass
DM[ 629] = 00037e42, pass
DM[ 630] = 0003765e, pass
DM[ 631] = 00030b09, pass
DM[ 632] = 00022999, pass
DM[ 633] = 0001ac82, pass
DM[ 634] = 00009ff3, pass
DM[ 635] = ffffeb3b, pass
DM[ 636] = ffffd749, pass
DM[ 637] = ffffd749, pass
DM[ 638] = ffffd749, pass
DM[ 639] = ffffd749, pass
DM[ 640] = ffffd749, pass
DM[ 641] = ffffd749, pass
DM[ 642] = ffffd749, pass
DM[ 643] = ffffd749, pass
DM[ 644] = ffffd749, pass
DM[ 645] = ffffd749, pass
DM[ 646] = ffffd749, pass
DM[ 647] = ffffd749, pass
DM[ 648] = ffffd749, pass
DM[ 649] = ffffd749, pass
DM[ 650] = ffffd749, pass
DM[ 651] = ffffd749, pass
DM[ 652] = ffffd749, pass
DM[ 653] = ffffd749, pass
DM[ 654] = ffffd749, pass
DM[ 655] = ffffd749, pass
DM[ 656] = ffffd749, pass
DM[ 657] = ffffd749, pass
DM[ 658] = ffffd749, pass
DM[ 659] = ffffd749, pass
DM[ 660] = ffffd749, pass
DM[ 661] = ffffd749, pass
DM[ 662] = ffffd749, pass
DM[ 663] = ffffd749, pass
DM[ 664] = ffffd749, pass
DM[ 665] = ffffd749, pass
DM[ 666] = ffffd749, pass
DM[ 667] = ffffd749, pass
DM[ 668] = ffffd749, pass
DM[ 669] = ffffd749, pass
DM[ 670] = ffffd749, pass
DM[ 671] = ffffd749, pass
DM[ 672] = ffffd749, pass
DM[ 673] = ffffd749, pass
DM[ 674] = ffffd749, pass
DM[ 675] = ffffd749, pass




        ****************************               
        **                        **       |__||  
        **  Congratulations !!    **      / ^.^  | 
        **                        **    /_____   | 
        **  Simulation PASS!!     **   /^ ^ ^ \  |
        **                        **  |^ ^ ^ ^ |w| 
        ****************************   \m___m__|_|


$finish called at time : 348870 ns : File "C:/Users/micha/Documents/Vivado_ws/DLIC_2020_hw5_conv/DLIC_2020_hw5_conv.srcs/sim_1/imports/Downloads/conv_tb.v" Line 133
